<?xml version="1.0" encoding="UTF-8"?>
<!-- Generated by org.testng.reporters.JUnitReportReporter -->
<testsuite name="testcases.app.psp.psp_testcases" tests="104" time="4036.781" ignored="2402" failures="0" timestamp="01 Sep 2017 11:27:03 GMT" skipped="0" hostname="D-441006785" errors="27">
  <testcase name="Auto_TC001_21" time="62.395" classname="testcases.app.psp.psp_testcases">
    <error/>
  </testcase> <!-- Auto_TC001_21 -->
  <testcase name="Auto_TC001_13" time="49.890" classname="testcases.app.psp.psp_testcases"/>
  <testcase name="Auto_TC001_15" time="44.817" classname="testcases.app.psp.psp_testcases"/>
  <testcase name="Auto_TC001_43" time="16.526" classname="testcases.app.psp.psp_testcases"/>
  <testcase name="Auto_TC001_23" time="135.213" classname="testcases.app.psp.psp_testcases"/>
  <testcase name="Auto_TC001_34" time="31.626" classname="testcases.app.psp.psp_testcases"/>
  <testcase name="Auto_TC001_31" time="33.348" classname="testcases.app.psp.psp_testcases"/>
  <testcase name="Auto_TC001_12" time="0.004" classname="testcases.app.psp.psp_testcases"/>
  <testcase name="Auto_TC001_33" time="34.932" classname="testcases.app.psp.psp_testcases"/>
  <testcase name="Auto_TC001_31" time="30.524" classname="testcases.app.psp.psp_testcases"/>
  <testcase name="Auto_TC001_29" time="54.155" classname="testcases.app.psp.psp_testcases">
    <error type="org.openqa.selenium.TimeoutException" message="Timed out after 20 seconds waiting for visibility of element located by By.xpath: .//div[@class=&#039;pop_head&#039;]/span[2]
Build info: version: &#039;2.53.0&#039;, revision: &#039;35ae25b1534ae328c771e0856c93e187490ca824&#039;, time: &#039;2016-03-15 10:43:46&#039;
System info: host: &#039;D-441006785&#039;, ip: &#039;10.145.10.183&#039;, os.name: &#039;Windows 10&#039;, os.arch: &#039;amd64&#039;, os.version: &#039;10.0&#039;, java.version: &#039;1.8.0_131&#039;
Driver info: org.openqa.selenium.support.events.EventFiringWebDriver">
      <![CDATA[org.openqa.selenium.TimeoutException: Timed out after 20 seconds waiting for visibility of element located by By.xpath: .//div[@class='pop_head']/span[2]
Build info: version: '2.53.0', revision: '35ae25b1534ae328c771e0856c93e187490ca824', time: '2016-03-15 10:43:46'
System info: host: 'D-441006785', ip: '10.145.10.183', os.name: 'Windows 10', os.arch: 'amd64', os.version: '10.0', java.version: '1.8.0_131'
Driver info: org.openqa.selenium.support.events.EventFiringWebDriver
	at org.openqa.selenium.support.ui.WebDriverWait.timeoutException(WebDriverWait.java:80)
	at org.openqa.selenium.support.ui.FluentWait.until(FluentWait.java:261)
	at pageobjects.PSPHomePage.closePopup(PSPHomePage.java:2751)
	at testcases.app.psp.psp_testcases.Auto_TC001_29(psp_testcases.java:780)
	at sun.reflect.NativeMethodAccessorImpl.invoke0(Native Method)
	at sun.reflect.NativeMethodAccessorImpl.invoke(NativeMethodAccessorImpl.java:62)
	at sun.reflect.DelegatingMethodAccessorImpl.invoke(DelegatingMethodAccessorImpl.java:43)
	at java.lang.reflect.Method.invoke(Method.java:498)
	at org.testng.internal.MethodInvocationHelper.invokeMethod(MethodInvocationHelper.java:104)
	at org.testng.internal.Invoker.invokeMethod(Invoker.java:645)
	at org.testng.internal.Invoker.invokeTestMethod(Invoker.java:851)
	at org.testng.internal.Invoker.invokeTestMethods(Invoker.java:1177)
	at org.testng.internal.TestMethodWorker.invokeTestMethods(TestMethodWorker.java:129)
	at org.testng.internal.TestMethodWorker.run(TestMethodWorker.java:112)
	at org.testng.TestRunner.privateRun(TestRunner.java:756)
	at org.testng.TestRunner.run(TestRunner.java:610)
	at org.testng.SuiteRunner.runTest(SuiteRunner.java:387)
	at org.testng.SuiteRunner.runSequentially(SuiteRunner.java:382)
	at org.testng.SuiteRunner.privateRun(SuiteRunner.java:340)
	at org.testng.SuiteRunner.run(SuiteRunner.java:289)
	at org.testng.SuiteRunnerWorker.runSuite(SuiteRunnerWorker.java:52)
	at org.testng.SuiteRunnerWorker.run(SuiteRunnerWorker.java:86)
	at org.testng.TestNG.runSuitesSequentially(TestNG.java:1293)
	at org.testng.TestNG.runSuitesLocally(TestNG.java:1218)
	at org.testng.TestNG.runSuites(TestNG.java:1133)
	at org.testng.TestNG.run(TestNG.java:1104)
	at org.testng.remote.AbstractRemoteTestNG.run(AbstractRemoteTestNG.java:132)
	at org.testng.remote.RemoteTestNG.initAndRun(RemoteTestNG.java:230)
	at org.testng.remote.RemoteTestNG.main(RemoteTestNG.java:76)
]]>
    </error>
  </testcase> <!-- Auto_TC001_29 -->
  <testcase name="Auto_TC001_06" time="47.433" classname="testcases.app.psp.psp_testcases">
    <error/>
  </testcase> <!-- Auto_TC001_06 -->
  <testcase name="Auto_TC001_32" time="56.067" classname="testcases.app.psp.psp_testcases">
    <error/>
  </testcase> <!-- Auto_TC001_32 -->
  <testcase name="Auto_TC001_46" time="13.200" classname="testcases.app.psp.psp_testcases"/>
  <testcase name="Auto_TC001_17" time="30.538" classname="testcases.app.psp.psp_testcases"/>
  <testcase name="Auto_TC001_15" time="43.873" classname="testcases.app.psp.psp_testcases"/>
  <testcase name="Auto_TC001_17" time="0.003" classname="testcases.app.psp.psp_testcases"/>
  <testcase name="Auto_TC001_37" time="0.005" classname="testcases.app.psp.psp_testcases"/>
  <testcase name="Auto_TC001_39" time="0.002" classname="testcases.app.psp.psp_testcases"/>
  <testcase name="Auto_TC001_42" time="27.050" classname="testcases.app.psp.psp_testcases"/>
  <testcase name="Auto_TC001_15" time="49.935" classname="testcases.app.psp.psp_testcases"/>
  <testcase name="Auto_TC001_37" time="30.475" classname="testcases.app.psp.psp_testcases"/>
  <testcase name="Auto_TC001_03" time="27.276" classname="testcases.app.psp.psp_testcases"/>
  <testcase name="Auto_TC001_38" time="0.005" classname="testcases.app.psp.psp_testcases"/>
  <testcase name="Auto_TC001_12" time="137.389" classname="testcases.app.psp.psp_testcases"/>
  <testcase name="Auto_TC001_16" time="69.813" classname="testcases.app.psp.psp_testcases"/>
  <testcase name="Auto_TC001_39" time="39.061" classname="testcases.app.psp.psp_testcases"/>
  <testcase name="Auto_TC001_26" time="71.920" classname="testcases.app.psp.psp_testcases">
    <error type="java.lang.IndexOutOfBoundsException" message="Index: 0, Size: 0">
      <![CDATA[java.lang.IndexOutOfBoundsException: Index: 0, Size: 0
	at java.util.ArrayList.rangeCheck(ArrayList.java:653)
	at java.util.ArrayList.get(ArrayList.java:429)
	at sun.reflect.GeneratedMethodAccessor52.invoke(Unknown Source)
	at sun.reflect.DelegatingMethodAccessorImpl.invoke(DelegatingMethodAccessorImpl.java:43)
	at java.lang.reflect.Method.invoke(Method.java:498)
	at org.openqa.selenium.support.pagefactory.internal.LocatingElementListHandler.invoke(LocatingElementListHandler.java:39)
	at com.sun.proxy.$Proxy11.get(Unknown Source)
	at pageobjects.PSPHomePage.verifyPassportDetailsParameters(PSPHomePage.java:2559)
	at testcases.app.psp.psp_testcases.Auto_TC001_26(psp_testcases.java:684)
	at sun.reflect.NativeMethodAccessorImpl.invoke0(Native Method)
	at sun.reflect.NativeMethodAccessorImpl.invoke(NativeMethodAccessorImpl.java:62)
	at sun.reflect.DelegatingMethodAccessorImpl.invoke(DelegatingMethodAccessorImpl.java:43)
	at java.lang.reflect.Method.invoke(Method.java:498)
	at org.testng.internal.MethodInvocationHelper.invokeMethod(MethodInvocationHelper.java:104)
	at org.testng.internal.Invoker.invokeMethod(Invoker.java:645)
	at org.testng.internal.Invoker.invokeTestMethod(Invoker.java:851)
	at org.testng.internal.Invoker.invokeTestMethods(Invoker.java:1177)
	at org.testng.internal.TestMethodWorker.invokeTestMethods(TestMethodWorker.java:129)
	at org.testng.internal.TestMethodWorker.run(TestMethodWorker.java:112)
	at org.testng.TestRunner.privateRun(TestRunner.java:756)
	at org.testng.TestRunner.run(TestRunner.java:610)
	at org.testng.SuiteRunner.runTest(SuiteRunner.java:387)
	at org.testng.SuiteRunner.runSequentially(SuiteRunner.java:382)
	at org.testng.SuiteRunner.privateRun(SuiteRunner.java:340)
	at org.testng.SuiteRunner.run(SuiteRunner.java:289)
	at org.testng.SuiteRunnerWorker.runSuite(SuiteRunnerWorker.java:52)
	at org.testng.SuiteRunnerWorker.run(SuiteRunnerWorker.java:86)
	at org.testng.TestNG.runSuitesSequentially(TestNG.java:1293)
	at org.testng.TestNG.runSuitesLocally(TestNG.java:1218)
	at org.testng.TestNG.runSuites(TestNG.java:1133)
	at org.testng.TestNG.run(TestNG.java:1104)
	at org.testng.remote.AbstractRemoteTestNG.run(AbstractRemoteTestNG.java:132)
	at org.testng.remote.RemoteTestNG.initAndRun(RemoteTestNG.java:230)
	at org.testng.remote.RemoteTestNG.main(RemoteTestNG.java:76)
]]>
    </error>
  </testcase> <!-- Auto_TC001_26 -->
  <testcase name="Auto_TC001_06" time="0.003" classname="testcases.app.psp.psp_testcases"/>
  <testcase name="Auto_TC001_30" time="0.002" classname="testcases.app.psp.psp_testcases"/>
  <testcase name="Auto_TC001_36" time="37.950" classname="testcases.app.psp.psp_testcases"/>
  <testcase name="Auto_TC001_09" time="45.700" classname="testcases.app.psp.psp_testcases"/>
  <testcase name="Auto_TC001_10" time="52.526" classname="testcases.app.psp.psp_testcases"/>
  <testcase name="Auto_TC001_36" time="0.002" classname="testcases.app.psp.psp_testcases"/>
  <testcase name="Auto_TC001_25" time="28.624" classname="testcases.app.psp.psp_testcases">
    <error/>
  </testcase> <!-- Auto_TC001_25 -->
  <testcase name="Auto_TC001_33" time="45.384" classname="testcases.app.psp.psp_testcases"/>
  <testcase name="Auto_TC001_04" time="68.477" classname="testcases.app.psp.psp_testcases">
    <error/>
  </testcase> <!-- Auto_TC001_04 -->
  <testcase name="Auto_TC001_02" time="22.103" classname="testcases.app.psp.psp_testcases"/>
  <testcase name="Auto_TC001_11" time="69.053" classname="testcases.app.psp.psp_testcases"/>
  <testcase name="Auto_TC001_35" time="32.154" classname="testcases.app.psp.psp_testcases"/>
  <testcase name="Auto_TC001_45" time="22.186" classname="testcases.app.psp.psp_testcases"/>
  <testcase name="Auto_TC001_25" time="25.980" classname="testcases.app.psp.psp_testcases">
    <error/>
  </testcase> <!-- Auto_TC001_25 -->
  <testcase name="Auto_TC001_33" time="30.111" classname="testcases.app.psp.psp_testcases"/>
  <testcase name="Auto_TC001_28" time="27.709" classname="testcases.app.psp.psp_testcases">
    <error/>
  </testcase> <!-- Auto_TC001_28 -->
  <testcase name="Auto_TC001_47" time="14.127" classname="testcases.app.psp.psp_testcases"/>
  <testcase name="Auto_TC001_37" time="29.199" classname="testcases.app.psp.psp_testcases"/>
  <testcase name="Auto_TC001_20" time="50.950" classname="testcases.app.psp.psp_testcases">
    <error/>
  </testcase> <!-- Auto_TC001_20 -->
  <testcase name="Auto_TC001_16" time="75.812" classname="testcases.app.psp.psp_testcases"/>
  <testcase name="Auto_TC001_32" time="45.958" classname="testcases.app.psp.psp_testcases"/>
  <testcase name="Auto_TC001_27" time="31.818" classname="testcases.app.psp.psp_testcases">
    <error/>
  </testcase> <!-- Auto_TC001_27 -->
  <testcase name="Auto_TC001_02" time="22.961" classname="testcases.app.psp.psp_testcases"/>
  <testcase name="Auto_TC001_30" time="34.919" classname="testcases.app.psp.psp_testcases"/>
  <testcase name="Auto_TC001_07" time="46.277" classname="testcases.app.psp.psp_testcases"/>
  <testcase name="Auto_TC001_27" time="31.751" classname="testcases.app.psp.psp_testcases">
    <error/>
  </testcase> <!-- Auto_TC001_27 -->
  <testcase name="Auto_TC001_02" time="32.775" classname="testcases.app.psp.psp_testcases"/>
  <testcase name="Auto_TC001_14" time="67.901" classname="testcases.app.psp.psp_testcases"/>
  <testcase name="Auto_TC001_19" time="51.325" classname="testcases.app.psp.psp_testcases">
    <error/>
  </testcase> <!-- Auto_TC001_19 -->
  <testcase name="Auto_TC001_03" time="23.147" classname="testcases.app.psp.psp_testcases"/>
  <testcase name="Auto_TC001_35" time="0.002" classname="testcases.app.psp.psp_testcases"/>
  <testcase name="Auto_TC001_08" time="36.382" classname="testcases.app.psp.psp_testcases"/>
  <testcase name="Auto_TC001_16" time="69.977" classname="testcases.app.psp.psp_testcases"/>
  <testcase name="Auto_TC001_39" time="27.078" classname="testcases.app.psp.psp_testcases"/>
  <testcase name="Auto_TC001_01" time="0.012" classname="testcases.app.psp.psp_testcases"/>
  <testcase name="Auto_TC001_12" time="138.015" classname="testcases.app.psp.psp_testcases"/>
  <testcase name="Auto_TC001_29" time="56.526" classname="testcases.app.psp.psp_testcases">
    <error type="org.openqa.selenium.TimeoutException" message="Timed out after 20 seconds waiting for visibility of element located by By.xpath: .//div[@class=&#039;pop_head&#039;]/span[2]
Build info: version: &#039;2.53.0&#039;, revision: &#039;35ae25b1534ae328c771e0856c93e187490ca824&#039;, time: &#039;2016-03-15 10:43:46&#039;
System info: host: &#039;D-441006785&#039;, ip: &#039;10.145.10.183&#039;, os.name: &#039;Windows 10&#039;, os.arch: &#039;amd64&#039;, os.version: &#039;10.0&#039;, java.version: &#039;1.8.0_131&#039;
Driver info: org.openqa.selenium.support.events.EventFiringWebDriver">
      <![CDATA[org.openqa.selenium.TimeoutException: Timed out after 20 seconds waiting for visibility of element located by By.xpath: .//div[@class='pop_head']/span[2]
Build info: version: '2.53.0', revision: '35ae25b1534ae328c771e0856c93e187490ca824', time: '2016-03-15 10:43:46'
System info: host: 'D-441006785', ip: '10.145.10.183', os.name: 'Windows 10', os.arch: 'amd64', os.version: '10.0', java.version: '1.8.0_131'
Driver info: org.openqa.selenium.support.events.EventFiringWebDriver
	at org.openqa.selenium.support.ui.WebDriverWait.timeoutException(WebDriverWait.java:80)
	at org.openqa.selenium.support.ui.FluentWait.until(FluentWait.java:261)
	at pageobjects.PSPHomePage.closePopup(PSPHomePage.java:2751)
	at testcases.app.psp.psp_testcases.Auto_TC001_29(psp_testcases.java:780)
	at sun.reflect.NativeMethodAccessorImpl.invoke0(Native Method)
	at sun.reflect.NativeMethodAccessorImpl.invoke(NativeMethodAccessorImpl.java:62)
	at sun.reflect.DelegatingMethodAccessorImpl.invoke(DelegatingMethodAccessorImpl.java:43)
	at java.lang.reflect.Method.invoke(Method.java:498)
	at org.testng.internal.MethodInvocationHelper.invokeMethod(MethodInvocationHelper.java:104)
	at org.testng.internal.Invoker.invokeMethod(Invoker.java:645)
	at org.testng.internal.Invoker.invokeTestMethod(Invoker.java:851)
	at org.testng.internal.Invoker.invokeTestMethods(Invoker.java:1177)
	at org.testng.internal.TestMethodWorker.invokeTestMethods(TestMethodWorker.java:129)
	at org.testng.internal.TestMethodWorker.run(TestMethodWorker.java:112)
	at org.testng.TestRunner.privateRun(TestRunner.java:756)
	at org.testng.TestRunner.run(TestRunner.java:610)
	at org.testng.SuiteRunner.runTest(SuiteRunner.java:387)
	at org.testng.SuiteRunner.runSequentially(SuiteRunner.java:382)
	at org.testng.SuiteRunner.privateRun(SuiteRunner.java:340)
	at org.testng.SuiteRunner.run(SuiteRunner.java:289)
	at org.testng.SuiteRunnerWorker.runSuite(SuiteRunnerWorker.java:52)
	at org.testng.SuiteRunnerWorker.run(SuiteRunnerWorker.java:86)
	at org.testng.TestNG.runSuitesSequentially(TestNG.java:1293)
	at org.testng.TestNG.runSuitesLocally(TestNG.java:1218)
	at org.testng.TestNG.runSuites(TestNG.java:1133)
	at org.testng.TestNG.run(TestNG.java:1104)
	at org.testng.remote.AbstractRemoteTestNG.run(AbstractRemoteTestNG.java:132)
	at org.testng.remote.RemoteTestNG.initAndRun(RemoteTestNG.java:230)
	at org.testng.remote.RemoteTestNG.main(RemoteTestNG.java:76)
]]>
    </error>
  </testcase> <!-- Auto_TC001_29 -->
  <testcase name="Auto_TC001_05" time="0.003" classname="testcases.app.psp.psp_testcases"/>
  <testcase name="Auto_TC001_21" time="65.043" classname="testcases.app.psp.psp_testcases">
    <error/>
  </testcase> <!-- Auto_TC001_21 -->
  <testcase name="Auto_TC001_05" time="34.819" classname="testcases.app.psp.psp_testcases"/>
  <testcase name="Auto_TC001_31" time="0.004" classname="testcases.app.psp.psp_testcases"/>
  <testcase name="Auto_TC001_01" time="21.593" classname="testcases.app.psp.psp_testcases"/>
  <testcase name="Auto_TC001_04" time="66.479" classname="testcases.app.psp.psp_testcases">
    <error/>
  </testcase> <!-- Auto_TC001_04 -->
  <testcase name="Auto_TC001_23" time="137.065" classname="testcases.app.psp.psp_testcases"/>
  <testcase name="Auto_TC001_40" time="27.472" classname="testcases.app.psp.psp_testcases"/>
  <testcase name="Auto_TC001_14" time="0.004" classname="testcases.app.psp.psp_testcases"/>
  <testcase name="Auto_TC001_10" time="56.858" classname="testcases.app.psp.psp_testcases"/>
  <testcase name="Auto_TC001_47" time="13.215" classname="testcases.app.psp.psp_testcases"/>
  <testcase name="Auto_TC001_13" time="0.003" classname="testcases.app.psp.psp_testcases"/>
  <testcase name="Auto_TC001_14" time="69.175" classname="testcases.app.psp.psp_testcases"/>
  <testcase name="Auto_TC001_05" time="31.722" classname="testcases.app.psp.psp_testcases"/>
  <testcase name="Auto_TC001_24" time="39.734" classname="testcases.app.psp.psp_testcases">
    <error/>
  </testcase> <!-- Auto_TC001_24 -->
  <testcase name="Auto_TC001_23" time="0.002" classname="testcases.app.psp.psp_testcases"/>
  <testcase name="Auto_TC001_26" time="75.454" classname="testcases.app.psp.psp_testcases">
    <error type="java.lang.IndexOutOfBoundsException" message="Index: 0, Size: 0">
      <![CDATA[java.lang.IndexOutOfBoundsException: Index: 0, Size: 0
	at java.util.ArrayList.rangeCheck(ArrayList.java:653)
	at java.util.ArrayList.get(ArrayList.java:429)
	at sun.reflect.GeneratedMethodAccessor52.invoke(Unknown Source)
	at sun.reflect.DelegatingMethodAccessorImpl.invoke(DelegatingMethodAccessorImpl.java:43)
	at java.lang.reflect.Method.invoke(Method.java:498)
	at org.openqa.selenium.support.pagefactory.internal.LocatingElementListHandler.invoke(LocatingElementListHandler.java:39)
	at com.sun.proxy.$Proxy11.get(Unknown Source)
	at pageobjects.PSPHomePage.verifyPassportDetailsParameters(PSPHomePage.java:2559)
	at testcases.app.psp.psp_testcases.Auto_TC001_26(psp_testcases.java:684)
	at sun.reflect.NativeMethodAccessorImpl.invoke0(Native Method)
	at sun.reflect.NativeMethodAccessorImpl.invoke(NativeMethodAccessorImpl.java:62)
	at sun.reflect.DelegatingMethodAccessorImpl.invoke(DelegatingMethodAccessorImpl.java:43)
	at java.lang.reflect.Method.invoke(Method.java:498)
	at org.testng.internal.MethodInvocationHelper.invokeMethod(MethodInvocationHelper.java:104)
	at org.testng.internal.Invoker.invokeMethod(Invoker.java:645)
	at org.testng.internal.Invoker.invokeTestMethod(Invoker.java:851)
	at org.testng.internal.Invoker.invokeTestMethods(Invoker.java:1177)
	at org.testng.internal.TestMethodWorker.invokeTestMethods(TestMethodWorker.java:129)
	at org.testng.internal.TestMethodWorker.run(TestMethodWorker.java:112)
	at org.testng.TestRunner.privateRun(TestRunner.java:756)
	at org.testng.TestRunner.run(TestRunner.java:610)
	at org.testng.SuiteRunner.runTest(SuiteRunner.java:387)
	at org.testng.SuiteRunner.runSequentially(SuiteRunner.java:382)
	at org.testng.SuiteRunner.privateRun(SuiteRunner.java:340)
	at org.testng.SuiteRunner.run(SuiteRunner.java:289)
	at org.testng.SuiteRunnerWorker.runSuite(SuiteRunnerWorker.java:52)
	at org.testng.SuiteRunnerWorker.run(SuiteRunnerWorker.java:86)
	at org.testng.TestNG.runSuitesSequentially(TestNG.java:1293)
	at org.testng.TestNG.runSuitesLocally(TestNG.java:1218)
	at org.testng.TestNG.runSuites(TestNG.java:1133)
	at org.testng.TestNG.run(TestNG.java:1104)
	at org.testng.remote.AbstractRemoteTestNG.run(AbstractRemoteTestNG.java:132)
	at org.testng.remote.RemoteTestNG.initAndRun(RemoteTestNG.java:230)
	at org.testng.remote.RemoteTestNG.main(RemoteTestNG.java:76)
]]>
    </error>
  </testcase> <!-- Auto_TC001_26 -->
  <testcase name="Auto_TC001_35" time="29.960" classname="testcases.app.psp.psp_testcases"/>
  <testcase name="Auto_TC001_41" time="0.000" classname="testcases.app.psp.psp_testcases"/>
  <testcase name="Auto_TC001_10" time="51.735" classname="testcases.app.psp.psp_testcases"/>
  <testcase name="Auto_TC001_28" time="26.409" classname="testcases.app.psp.psp_testcases">
    <error/>
  </testcase> <!-- Auto_TC001_28 -->
  <testcase name="Auto_TC001_13" time="77.187" classname="testcases.app.psp.psp_testcases"/>
  <testcase name="Auto_TC001_38" time="28.928" classname="testcases.app.psp.psp_testcases"/>
  <testcase name="Auto_TC001_34" time="0.006" classname="testcases.app.psp.psp_testcases"/>
  <testcase name="Auto_TC001_17" time="35.786" classname="testcases.app.psp.psp_testcases"/>
  <testcase name="Auto_TC001_22" time="107.735" classname="testcases.app.psp.psp_testcases">
    <error/>
  </testcase> <!-- Auto_TC001_22 -->
  <testcase name="Auto_TC001_01" time="36.454" classname="testcases.app.psp.psp_testcases"/>
  <testcase name="Auto_TC001_18" time="25.661" classname="testcases.app.psp.psp_testcases">
    <error type="org.openqa.selenium.NoSuchElementException" message="no such element: Unable to locate element: {&quot;method&quot;:&quot;xpath&quot;,&quot;selector&quot;:&quot;.//ul[@class=&#039;inner_ul&#039;]/li[1]/label[text()=&#039;Customer Name&#039;]&quot;}
  (Session info: chrome=60.0.3112.113)
  (Driver info: chromedriver=2.29.461591 (62ebf098771772160f391d75e589dc567915b233),platform=Windows NT 10.0.14393 x86_64) (WARNING: The server did not provide any stacktrace information)
Command duration or timeout: 53 milliseconds
For documentation on this error, please visit: http://seleniumhq.org/exceptions/no_such_element.html
Build info: version: &#039;2.53.0&#039;, revision: &#039;35ae25b1534ae328c771e0856c93e187490ca824&#039;, time: &#039;2016-03-15 10:43:46&#039;
System info: host: &#039;D-441006785&#039;, ip: &#039;10.145.10.183&#039;, os.name: &#039;Windows 10&#039;, os.arch: &#039;amd64&#039;, os.version: &#039;10.0&#039;, java.version: &#039;1.8.0_131&#039;
Driver info: org.openqa.selenium.chrome.ChromeDriver
Capabilities [{applicationCacheEnabled=false, rotatable=false, mobileEmulationEnabled=false, networkConnectionEnabled=false, chrome={chromedriverVersion=2.29.461591 (62ebf098771772160f391d75e589dc567915b233), userDataDir=C:\Users\mu270838\AppData\Local\Temp\scoped_dir10632_21204}, takesHeapSnapshot=true, pageLoadStrategy=normal, databaseEnabled=false, handlesAlerts=true, hasTouchScreen=false, version=60.0.3112.113, platform=XP, browserConnectionEnabled=false, nativeEvents=true, acceptSslCerts=true, locationContextEnabled=true, webStorageEnabled=true, browserName=chrome, takesScreenshot=true, javascriptEnabled=true, cssSelectorsEnabled=true, unexpectedAlertBehaviour=}]
Session ID: 355f6785338c7cc45ddf26b8bd53fa6e
*** Element info: {Using=xpath, value=.//ul[@class=&#039;inner_ul&#039;]/li[1]/label[text()=&#039;Customer Name&#039;]}">
      <![CDATA[org.openqa.selenium.NoSuchElementException: no such element: Unable to locate element: {"method":"xpath","selector":".//ul[@class='inner_ul']/li[1]/label[text()='Customer Name']"}
  (Session info: chrome=60.0.3112.113)
  (Driver info: chromedriver=2.29.461591 (62ebf098771772160f391d75e589dc567915b233),platform=Windows NT 10.0.14393 x86_64) (WARNING: The server did not provide any stacktrace information)
Command duration or timeout: 53 milliseconds
For documentation on this error, please visit: http://seleniumhq.org/exceptions/no_such_element.html
Build info: version: '2.53.0', revision: '35ae25b1534ae328c771e0856c93e187490ca824', time: '2016-03-15 10:43:46'
System info: host: 'D-441006785', ip: '10.145.10.183', os.name: 'Windows 10', os.arch: 'amd64', os.version: '10.0', java.version: '1.8.0_131'
Driver info: org.openqa.selenium.chrome.ChromeDriver
Capabilities [{applicationCacheEnabled=false, rotatable=false, mobileEmulationEnabled=false, networkConnectionEnabled=false, chrome={chromedriverVersion=2.29.461591 (62ebf098771772160f391d75e589dc567915b233), userDataDir=C:\Users\mu270838\AppData\Local\Temp\scoped_dir10632_21204}, takesHeapSnapshot=true, pageLoadStrategy=normal, databaseEnabled=false, handlesAlerts=true, hasTouchScreen=false, version=60.0.3112.113, platform=XP, browserConnectionEnabled=false, nativeEvents=true, acceptSslCerts=true, locationContextEnabled=true, webStorageEnabled=true, browserName=chrome, takesScreenshot=true, javascriptEnabled=true, cssSelectorsEnabled=true, unexpectedAlertBehaviour=}]
Session ID: 355f6785338c7cc45ddf26b8bd53fa6e
*** Element info: {Using=xpath, value=.//ul[@class='inner_ul']/li[1]/label[text()='Customer Name']}
	at sun.reflect.GeneratedConstructorAccessor37.newInstance(Unknown Source)
	at sun.reflect.DelegatingConstructorAccessorImpl.newInstance(DelegatingConstructorAccessorImpl.java:45)
	at java.lang.reflect.Constructor.newInstance(Constructor.java:423)
	at org.openqa.selenium.remote.ErrorHandler.createThrowable(ErrorHandler.java:206)
	at org.openqa.selenium.remote.ErrorHandler.throwIfResponseFailed(ErrorHandler.java:158)
	at org.openqa.selenium.remote.RemoteWebDriver.execute(RemoteWebDriver.java:678)
	at org.openqa.selenium.remote.RemoteWebDriver.findElement(RemoteWebDriver.java:363)
	at org.openqa.selenium.remote.RemoteWebDriver.findElementByXPath(RemoteWebDriver.java:500)
	at org.openqa.selenium.By$ByXPath.findElement(By.java:361)
	at org.openqa.selenium.remote.RemoteWebDriver.findElement(RemoteWebDriver.java:355)
	at sun.reflect.GeneratedMethodAccessor9.invoke(Unknown Source)
	at sun.reflect.DelegatingMethodAccessorImpl.invoke(DelegatingMethodAccessorImpl.java:43)
	at java.lang.reflect.Method.invoke(Method.java:498)
	at org.openqa.selenium.support.events.EventFiringWebDriver$2.invoke(EventFiringWebDriver.java:103)
	at com.sun.proxy.$Proxy6.findElement(Unknown Source)
	at org.openqa.selenium.support.events.EventFiringWebDriver.findElement(EventFiringWebDriver.java:188)
	at org.openqa.selenium.support.pagefactory.DefaultElementLocator.findElement(DefaultElementLocator.java:69)
	at org.openqa.selenium.support.pagefactory.internal.LocatingElementHandler.invoke(LocatingElementHandler.java:38)
	at com.sun.proxy.$Proxy8.getText(Unknown Source)
	at pageobjects.PSPHomePage.verifyCustomerName(PSPHomePage.java:902)
	at testcases.app.psp.psp_testcases.Auto_TC001_18(psp_testcases.java:398)
	at sun.reflect.NativeMethodAccessorImpl.invoke0(Native Method)
	at sun.reflect.NativeMethodAccessorImpl.invoke(NativeMethodAccessorImpl.java:62)
	at sun.reflect.DelegatingMethodAccessorImpl.invoke(DelegatingMethodAccessorImpl.java:43)
	at java.lang.reflect.Method.invoke(Method.java:498)
	at org.testng.internal.MethodInvocationHelper.invokeMethod(MethodInvocationHelper.java:104)
	at org.testng.internal.Invoker.invokeMethod(Invoker.java:645)
	at org.testng.internal.Invoker.invokeTestMethod(Invoker.java:851)
	at org.testng.internal.Invoker.invokeTestMethods(Invoker.java:1177)
	at org.testng.internal.TestMethodWorker.invokeTestMethods(TestMethodWorker.java:129)
	at org.testng.internal.TestMethodWorker.run(TestMethodWorker.java:112)
	at org.testng.TestRunner.privateRun(TestRunner.java:756)
	at org.testng.TestRunner.run(TestRunner.java:610)
	at org.testng.SuiteRunner.runTest(SuiteRunner.java:387)
	at org.testng.SuiteRunner.runSequentially(SuiteRunner.java:382)
	at org.testng.SuiteRunner.privateRun(SuiteRunner.java:340)
	at org.testng.SuiteRunner.run(SuiteRunner.java:289)
	at org.testng.SuiteRunnerWorker.runSuite(SuiteRunnerWorker.java:52)
	at org.testng.SuiteRunnerWorker.run(SuiteRunnerWorker.java:86)
	at org.testng.TestNG.runSuitesSequentially(TestNG.java:1293)
	at org.testng.TestNG.runSuitesLocally(TestNG.java:1218)
	at org.testng.TestNG.runSuites(TestNG.java:1133)
	at org.testng.TestNG.run(TestNG.java:1104)
	at org.testng.remote.AbstractRemoteTestNG.run(AbstractRemoteTestNG.java:132)
	at org.testng.remote.RemoteTestNG.initAndRun(RemoteTestNG.java:230)
	at org.testng.remote.RemoteTestNG.main(RemoteTestNG.java:76)
]]>
    </error>
  </testcase> <!-- Auto_TC001_18 -->
  <testcase name="Auto_TC001_36" time="36.823" classname="testcases.app.psp.psp_testcases"/>
  <testcase name="Auto_TC001_24" time="42.029" classname="testcases.app.psp.psp_testcases">
    <error/>
  </testcase> <!-- Auto_TC001_24 -->
  <testcase name="Auto_TC001_34" time="29.262" classname="testcases.app.psp.psp_testcases"/>
  <testcase name="Auto_TC001_03" time="0.004" classname="testcases.app.psp.psp_testcases"/>
  <testcase name="Auto_TC001_18" time="23.677" classname="testcases.app.psp.psp_testcases">
    <error type="org.openqa.selenium.NoSuchElementException" message="no such element: Unable to locate element: {&quot;method&quot;:&quot;xpath&quot;,&quot;selector&quot;:&quot;.//ul[@class=&#039;inner_ul&#039;]/li[1]/label[text()=&#039;Customer Name&#039;]&quot;}
  (Session info: chrome=60.0.3112.113)
  (Driver info: chromedriver=2.29.461591 (62ebf098771772160f391d75e589dc567915b233),platform=Windows NT 10.0.14393 x86_64) (WARNING: The server did not provide any stacktrace information)
Command duration or timeout: 49 milliseconds
For documentation on this error, please visit: http://seleniumhq.org/exceptions/no_such_element.html
Build info: version: &#039;2.53.0&#039;, revision: &#039;35ae25b1534ae328c771e0856c93e187490ca824&#039;, time: &#039;2016-03-15 10:43:46&#039;
System info: host: &#039;D-441006785&#039;, ip: &#039;10.145.10.183&#039;, os.name: &#039;Windows 10&#039;, os.arch: &#039;amd64&#039;, os.version: &#039;10.0&#039;, java.version: &#039;1.8.0_131&#039;
Driver info: org.openqa.selenium.chrome.ChromeDriver
Capabilities [{applicationCacheEnabled=false, rotatable=false, mobileEmulationEnabled=false, networkConnectionEnabled=false, chrome={chromedriverVersion=2.29.461591 (62ebf098771772160f391d75e589dc567915b233), userDataDir=C:\Users\mu270838\AppData\Local\Temp\scoped_dir13324_4191}, takesHeapSnapshot=true, pageLoadStrategy=normal, databaseEnabled=false, handlesAlerts=true, hasTouchScreen=false, version=60.0.3112.113, platform=XP, browserConnectionEnabled=false, nativeEvents=true, acceptSslCerts=true, locationContextEnabled=true, webStorageEnabled=true, browserName=chrome, takesScreenshot=true, javascriptEnabled=true, cssSelectorsEnabled=true, unexpectedAlertBehaviour=}]
Session ID: a1836e0bf0547b600d67cd83f01dac07
*** Element info: {Using=xpath, value=.//ul[@class=&#039;inner_ul&#039;]/li[1]/label[text()=&#039;Customer Name&#039;]}">
      <![CDATA[org.openqa.selenium.NoSuchElementException: no such element: Unable to locate element: {"method":"xpath","selector":".//ul[@class='inner_ul']/li[1]/label[text()='Customer Name']"}
  (Session info: chrome=60.0.3112.113)
  (Driver info: chromedriver=2.29.461591 (62ebf098771772160f391d75e589dc567915b233),platform=Windows NT 10.0.14393 x86_64) (WARNING: The server did not provide any stacktrace information)
Command duration or timeout: 49 milliseconds
For documentation on this error, please visit: http://seleniumhq.org/exceptions/no_such_element.html
Build info: version: '2.53.0', revision: '35ae25b1534ae328c771e0856c93e187490ca824', time: '2016-03-15 10:43:46'
System info: host: 'D-441006785', ip: '10.145.10.183', os.name: 'Windows 10', os.arch: 'amd64', os.version: '10.0', java.version: '1.8.0_131'
Driver info: org.openqa.selenium.chrome.ChromeDriver
Capabilities [{applicationCacheEnabled=false, rotatable=false, mobileEmulationEnabled=false, networkConnectionEnabled=false, chrome={chromedriverVersion=2.29.461591 (62ebf098771772160f391d75e589dc567915b233), userDataDir=C:\Users\mu270838\AppData\Local\Temp\scoped_dir13324_4191}, takesHeapSnapshot=true, pageLoadStrategy=normal, databaseEnabled=false, handlesAlerts=true, hasTouchScreen=false, version=60.0.3112.113, platform=XP, browserConnectionEnabled=false, nativeEvents=true, acceptSslCerts=true, locationContextEnabled=true, webStorageEnabled=true, browserName=chrome, takesScreenshot=true, javascriptEnabled=true, cssSelectorsEnabled=true, unexpectedAlertBehaviour=}]
Session ID: a1836e0bf0547b600d67cd83f01dac07
*** Element info: {Using=xpath, value=.//ul[@class='inner_ul']/li[1]/label[text()='Customer Name']}
	at sun.reflect.GeneratedConstructorAccessor37.newInstance(Unknown Source)
	at sun.reflect.DelegatingConstructorAccessorImpl.newInstance(DelegatingConstructorAccessorImpl.java:45)
	at java.lang.reflect.Constructor.newInstance(Constructor.java:423)
	at org.openqa.selenium.remote.ErrorHandler.createThrowable(ErrorHandler.java:206)
	at org.openqa.selenium.remote.ErrorHandler.throwIfResponseFailed(ErrorHandler.java:158)
	at org.openqa.selenium.remote.RemoteWebDriver.execute(RemoteWebDriver.java:678)
	at org.openqa.selenium.remote.RemoteWebDriver.findElement(RemoteWebDriver.java:363)
	at org.openqa.selenium.remote.RemoteWebDriver.findElementByXPath(RemoteWebDriver.java:500)
	at org.openqa.selenium.By$ByXPath.findElement(By.java:361)
	at org.openqa.selenium.remote.RemoteWebDriver.findElement(RemoteWebDriver.java:355)
	at sun.reflect.GeneratedMethodAccessor9.invoke(Unknown Source)
	at sun.reflect.DelegatingMethodAccessorImpl.invoke(DelegatingMethodAccessorImpl.java:43)
	at java.lang.reflect.Method.invoke(Method.java:498)
	at org.openqa.selenium.support.events.EventFiringWebDriver$2.invoke(EventFiringWebDriver.java:103)
	at com.sun.proxy.$Proxy6.findElement(Unknown Source)
	at org.openqa.selenium.support.events.EventFiringWebDriver.findElement(EventFiringWebDriver.java:188)
	at org.openqa.selenium.support.pagefactory.DefaultElementLocator.findElement(DefaultElementLocator.java:69)
	at org.openqa.selenium.support.pagefactory.internal.LocatingElementHandler.invoke(LocatingElementHandler.java:38)
	at com.sun.proxy.$Proxy8.getText(Unknown Source)
	at pageobjects.PSPHomePage.verifyCustomerName(PSPHomePage.java:902)
	at testcases.app.psp.psp_testcases.Auto_TC001_18(psp_testcases.java:398)
	at sun.reflect.NativeMethodAccessorImpl.invoke0(Native Method)
	at sun.reflect.NativeMethodAccessorImpl.invoke(NativeMethodAccessorImpl.java:62)
	at sun.reflect.DelegatingMethodAccessorImpl.invoke(DelegatingMethodAccessorImpl.java:43)
	at java.lang.reflect.Method.invoke(Method.java:498)
	at org.testng.internal.MethodInvocationHelper.invokeMethod(MethodInvocationHelper.java:104)
	at org.testng.internal.Invoker.invokeMethod(Invoker.java:645)
	at org.testng.internal.Invoker.invokeTestMethod(Invoker.java:851)
	at org.testng.internal.Invoker.invokeTestMethods(Invoker.java:1177)
	at org.testng.internal.TestMethodWorker.invokeTestMethods(TestMethodWorker.java:129)
	at org.testng.internal.TestMethodWorker.run(TestMethodWorker.java:112)
	at org.testng.TestRunner.privateRun(TestRunner.java:756)
	at org.testng.TestRunner.run(TestRunner.java:610)
	at org.testng.SuiteRunner.runTest(SuiteRunner.java:387)
	at org.testng.SuiteRunner.runSequentially(SuiteRunner.java:382)
	at org.testng.SuiteRunner.privateRun(SuiteRunner.java:340)
	at org.testng.SuiteRunner.run(SuiteRunner.java:289)
	at org.testng.SuiteRunnerWorker.runSuite(SuiteRunnerWorker.java:52)
	at org.testng.SuiteRunnerWorker.run(SuiteRunnerWorker.java:86)
	at org.testng.TestNG.runSuitesSequentially(TestNG.java:1293)
	at org.testng.TestNG.runSuitesLocally(TestNG.java:1218)
	at org.testng.TestNG.runSuites(TestNG.java:1133)
	at org.testng.TestNG.run(TestNG.java:1104)
	at org.testng.remote.AbstractRemoteTestNG.run(AbstractRemoteTestNG.java:132)
	at org.testng.remote.RemoteTestNG.initAndRun(RemoteTestNG.java:230)
	at org.testng.remote.RemoteTestNG.main(RemoteTestNG.java:76)
]]>
    </error>
  </testcase> <!-- Auto_TC001_18 -->
  <testcase name="Auto_TC001_30" time="50.314" classname="testcases.app.psp.psp_testcases">
    <error/>
  </testcase> <!-- Auto_TC001_30 -->
  <testcase name="Auto_TC001_20" time="50.878" classname="testcases.app.psp.psp_testcases">
    <error/>
  </testcase> <!-- Auto_TC001_20 -->
  <testcase name="Auto_TC001_22" time="109.947" classname="testcases.app.psp.psp_testcases">
    <error/>
  </testcase> <!-- Auto_TC001_22 -->
  <testcase name="Auto_TC001_19" time="51.919" classname="testcases.app.psp.psp_testcases">
    <error/>
  </testcase> <!-- Auto_TC001_19 -->
  <testcase name="Auto_TC001_38" time="30.779" classname="testcases.app.psp.psp_testcases"/>
  <testcase name="Auto_TC001_44" time="20.292" classname="testcases.app.psp.psp_testcases"/>
  <testcase name="Auto_TC001_13" classname="testcases.app.psp.psp_testcases">
    <skipped/>
  </testcase> <!-- Auto_TC001_13 -->
  <testcase name="Auto_TC001_13" classname="testcases.app.psp.psp_testcases">
    <skipped/>
  </testcase> <!-- Auto_TC001_13 -->
  <testcase name="Auto_TC001_13" classname="testcases.app.psp.psp_testcases">
    <skipped/>
  </testcase> <!-- Auto_TC001_13 -->
  <testcase name="Auto_TC001_13" classname="testcases.app.psp.psp_testcases">
    <skipped/>
  </testcase> <!-- Auto_TC001_13 -->
  <testcase name="Auto_TC001_13" classname="testcases.app.psp.psp_testcases">
    <skipped/>
  </testcase> <!-- Auto_TC001_13 -->
  <testcase name="Auto_TC001_13" classname="testcases.app.psp.psp_testcases">
    <skipped/>
  </testcase> <!-- Auto_TC001_13 -->
  <testcase name="Auto_TC001_13" classname="testcases.app.psp.psp_testcases">
    <skipped/>
  </testcase> <!-- Auto_TC001_13 -->
  <testcase name="Auto_TC001_13" classname="testcases.app.psp.psp_testcases">
    <skipped/>
  </testcase> <!-- Auto_TC001_13 -->
  <testcase name="Auto_TC001_13" classname="testcases.app.psp.psp_testcases">
    <skipped/>
  </testcase> <!-- Auto_TC001_13 -->
  <testcase name="Auto_TC001_13" classname="testcases.app.psp.psp_testcases">
    <skipped/>
  </testcase> <!-- Auto_TC001_13 -->
  <testcase name="Auto_TC001_13" classname="testcases.app.psp.psp_testcases">
    <skipped/>
  </testcase> <!-- Auto_TC001_13 -->
  <testcase name="Auto_TC001_13" classname="testcases.app.psp.psp_testcases">
    <skipped/>
  </testcase> <!-- Auto_TC001_13 -->
  <testcase name="Auto_TC001_13" classname="testcases.app.psp.psp_testcases">
    <skipped/>
  </testcase> <!-- Auto_TC001_13 -->
  <testcase name="Auto_TC001_13" classname="testcases.app.psp.psp_testcases">
    <skipped/>
  </testcase> <!-- Auto_TC001_13 -->
  <testcase name="Auto_TC001_13" classname="testcases.app.psp.psp_testcases">
    <skipped/>
  </testcase> <!-- Auto_TC001_13 -->
  <testcase name="Auto_TC001_13" classname="testcases.app.psp.psp_testcases">
    <skipped/>
  </testcase> <!-- Auto_TC001_13 -->
  <testcase name="Auto_TC001_13" classname="testcases.app.psp.psp_testcases">
    <skipped/>
  </testcase> <!-- Auto_TC001_13 -->
  <testcase name="Auto_TC001_13" classname="testcases.app.psp.psp_testcases">
    <skipped/>
  </testcase> <!-- Auto_TC001_13 -->
  <testcase name="Auto_TC001_13" classname="testcases.app.psp.psp_testcases">
    <skipped/>
  </testcase> <!-- Auto_TC001_13 -->
  <testcase name="Auto_TC001_13" classname="testcases.app.psp.psp_testcases">
    <skipped/>
  </testcase> <!-- Auto_TC001_13 -->
  <testcase name="Auto_TC001_13" classname="testcases.app.psp.psp_testcases">
    <skipped/>
  </testcase> <!-- Auto_TC001_13 -->
  <testcase name="Auto_TC001_13" classname="testcases.app.psp.psp_testcases">
    <skipped/>
  </testcase> <!-- Auto_TC001_13 -->
  <testcase name="Auto_TC001_13" classname="testcases.app.psp.psp_testcases">
    <skipped/>
  </testcase> <!-- Auto_TC001_13 -->
  <testcase name="Auto_TC001_13" classname="testcases.app.psp.psp_testcases">
    <skipped/>
  </testcase> <!-- Auto_TC001_13 -->
  <testcase name="Auto_TC001_13" classname="testcases.app.psp.psp_testcases">
    <skipped/>
  </testcase> <!-- Auto_TC001_13 -->
  <testcase name="Auto_TC001_13" classname="testcases.app.psp.psp_testcases">
    <skipped/>
  </testcase> <!-- Auto_TC001_13 -->
  <testcase name="Auto_TC001_13" classname="testcases.app.psp.psp_testcases">
    <skipped/>
  </testcase> <!-- Auto_TC001_13 -->
  <testcase name="Auto_TC001_13" classname="testcases.app.psp.psp_testcases">
    <skipped/>
  </testcase> <!-- Auto_TC001_13 -->
  <testcase name="Auto_TC001_13" classname="testcases.app.psp.psp_testcases">
    <skipped/>
  </testcase> <!-- Auto_TC001_13 -->
  <testcase name="Auto_TC001_13" classname="testcases.app.psp.psp_testcases">
    <skipped/>
  </testcase> <!-- Auto_TC001_13 -->
  <testcase name="Auto_TC001_13" classname="testcases.app.psp.psp_testcases">
    <skipped/>
  </testcase> <!-- Auto_TC001_13 -->
  <testcase name="Auto_TC001_13" classname="testcases.app.psp.psp_testcases">
    <skipped/>
  </testcase> <!-- Auto_TC001_13 -->
  <testcase name="Auto_TC001_13" classname="testcases.app.psp.psp_testcases">
    <skipped/>
  </testcase> <!-- Auto_TC001_13 -->
  <testcase name="Auto_TC001_13" classname="testcases.app.psp.psp_testcases">
    <skipped/>
  </testcase> <!-- Auto_TC001_13 -->
  <testcase name="Auto_TC001_13" classname="testcases.app.psp.psp_testcases">
    <skipped/>
  </testcase> <!-- Auto_TC001_13 -->
  <testcase name="Auto_TC001_13" classname="testcases.app.psp.psp_testcases">
    <skipped/>
  </testcase> <!-- Auto_TC001_13 -->
  <testcase name="Auto_TC001_13" classname="testcases.app.psp.psp_testcases">
    <skipped/>
  </testcase> <!-- Auto_TC001_13 -->
  <testcase name="Auto_TC001_13" classname="testcases.app.psp.psp_testcases">
    <skipped/>
  </testcase> <!-- Auto_TC001_13 -->
  <testcase name="Auto_TC001_13" classname="testcases.app.psp.psp_testcases">
    <skipped/>
  </testcase> <!-- Auto_TC001_13 -->
  <testcase name="Auto_TC001_13" classname="testcases.app.psp.psp_testcases">
    <skipped/>
  </testcase> <!-- Auto_TC001_13 -->
  <testcase name="Auto_TC001_13" classname="testcases.app.psp.psp_testcases">
    <skipped/>
  </testcase> <!-- Auto_TC001_13 -->
  <testcase name="Auto_TC001_13" classname="testcases.app.psp.psp_testcases">
    <skipped/>
  </testcase> <!-- Auto_TC001_13 -->
  <testcase name="Auto_TC001_13" classname="testcases.app.psp.psp_testcases">
    <skipped/>
  </testcase> <!-- Auto_TC001_13 -->
  <testcase name="Auto_TC001_13" classname="testcases.app.psp.psp_testcases">
    <skipped/>
  </testcase> <!-- Auto_TC001_13 -->
  <testcase name="Auto_TC001_13" classname="testcases.app.psp.psp_testcases">
    <skipped/>
  </testcase> <!-- Auto_TC001_13 -->
  <testcase name="Auto_TC001_13" classname="testcases.app.psp.psp_testcases">
    <skipped/>
  </testcase> <!-- Auto_TC001_13 -->
  <testcase name="Auto_TC001_12" classname="testcases.app.psp.psp_testcases">
    <skipped/>
  </testcase> <!-- Auto_TC001_12 -->
  <testcase name="Auto_TC001_12" classname="testcases.app.psp.psp_testcases">
    <skipped/>
  </testcase> <!-- Auto_TC001_12 -->
  <testcase name="Auto_TC001_12" classname="testcases.app.psp.psp_testcases">
    <skipped/>
  </testcase> <!-- Auto_TC001_12 -->
  <testcase name="Auto_TC001_12" classname="testcases.app.psp.psp_testcases">
    <skipped/>
  </testcase> <!-- Auto_TC001_12 -->
  <testcase name="Auto_TC001_12" classname="testcases.app.psp.psp_testcases">
    <skipped/>
  </testcase> <!-- Auto_TC001_12 -->
  <testcase name="Auto_TC001_12" classname="testcases.app.psp.psp_testcases">
    <skipped/>
  </testcase> <!-- Auto_TC001_12 -->
  <testcase name="Auto_TC001_12" classname="testcases.app.psp.psp_testcases">
    <skipped/>
  </testcase> <!-- Auto_TC001_12 -->
  <testcase name="Auto_TC001_12" classname="testcases.app.psp.psp_testcases">
    <skipped/>
  </testcase> <!-- Auto_TC001_12 -->
  <testcase name="Auto_TC001_12" classname="testcases.app.psp.psp_testcases">
    <skipped/>
  </testcase> <!-- Auto_TC001_12 -->
  <testcase name="Auto_TC001_12" classname="testcases.app.psp.psp_testcases">
    <skipped/>
  </testcase> <!-- Auto_TC001_12 -->
  <testcase name="Auto_TC001_12" classname="testcases.app.psp.psp_testcases">
    <skipped/>
  </testcase> <!-- Auto_TC001_12 -->
  <testcase name="Auto_TC001_12" classname="testcases.app.psp.psp_testcases">
    <skipped/>
  </testcase> <!-- Auto_TC001_12 -->
  <testcase name="Auto_TC001_12" classname="testcases.app.psp.psp_testcases">
    <skipped/>
  </testcase> <!-- Auto_TC001_12 -->
  <testcase name="Auto_TC001_12" classname="testcases.app.psp.psp_testcases">
    <skipped/>
  </testcase> <!-- Auto_TC001_12 -->
  <testcase name="Auto_TC001_12" classname="testcases.app.psp.psp_testcases">
    <skipped/>
  </testcase> <!-- Auto_TC001_12 -->
  <testcase name="Auto_TC001_12" classname="testcases.app.psp.psp_testcases">
    <skipped/>
  </testcase> <!-- Auto_TC001_12 -->
  <testcase name="Auto_TC001_12" classname="testcases.app.psp.psp_testcases">
    <skipped/>
  </testcase> <!-- Auto_TC001_12 -->
  <testcase name="Auto_TC001_12" classname="testcases.app.psp.psp_testcases">
    <skipped/>
  </testcase> <!-- Auto_TC001_12 -->
  <testcase name="Auto_TC001_12" classname="testcases.app.psp.psp_testcases">
    <skipped/>
  </testcase> <!-- Auto_TC001_12 -->
  <testcase name="Auto_TC001_12" classname="testcases.app.psp.psp_testcases">
    <skipped/>
  </testcase> <!-- Auto_TC001_12 -->
  <testcase name="Auto_TC001_12" classname="testcases.app.psp.psp_testcases">
    <skipped/>
  </testcase> <!-- Auto_TC001_12 -->
  <testcase name="Auto_TC001_12" classname="testcases.app.psp.psp_testcases">
    <skipped/>
  </testcase> <!-- Auto_TC001_12 -->
  <testcase name="Auto_TC001_12" classname="testcases.app.psp.psp_testcases">
    <skipped/>
  </testcase> <!-- Auto_TC001_12 -->
  <testcase name="Auto_TC001_12" classname="testcases.app.psp.psp_testcases">
    <skipped/>
  </testcase> <!-- Auto_TC001_12 -->
  <testcase name="Auto_TC001_12" classname="testcases.app.psp.psp_testcases">
    <skipped/>
  </testcase> <!-- Auto_TC001_12 -->
  <testcase name="Auto_TC001_12" classname="testcases.app.psp.psp_testcases">
    <skipped/>
  </testcase> <!-- Auto_TC001_12 -->
  <testcase name="Auto_TC001_12" classname="testcases.app.psp.psp_testcases">
    <skipped/>
  </testcase> <!-- Auto_TC001_12 -->
  <testcase name="Auto_TC001_12" classname="testcases.app.psp.psp_testcases">
    <skipped/>
  </testcase> <!-- Auto_TC001_12 -->
  <testcase name="Auto_TC001_12" classname="testcases.app.psp.psp_testcases">
    <skipped/>
  </testcase> <!-- Auto_TC001_12 -->
  <testcase name="Auto_TC001_12" classname="testcases.app.psp.psp_testcases">
    <skipped/>
  </testcase> <!-- Auto_TC001_12 -->
  <testcase name="Auto_TC001_12" classname="testcases.app.psp.psp_testcases">
    <skipped/>
  </testcase> <!-- Auto_TC001_12 -->
  <testcase name="Auto_TC001_12" classname="testcases.app.psp.psp_testcases">
    <skipped/>
  </testcase> <!-- Auto_TC001_12 -->
  <testcase name="Auto_TC001_12" classname="testcases.app.psp.psp_testcases">
    <skipped/>
  </testcase> <!-- Auto_TC001_12 -->
  <testcase name="Auto_TC001_12" classname="testcases.app.psp.psp_testcases">
    <skipped/>
  </testcase> <!-- Auto_TC001_12 -->
  <testcase name="Auto_TC001_12" classname="testcases.app.psp.psp_testcases">
    <skipped/>
  </testcase> <!-- Auto_TC001_12 -->
  <testcase name="Auto_TC001_12" classname="testcases.app.psp.psp_testcases">
    <skipped/>
  </testcase> <!-- Auto_TC001_12 -->
  <testcase name="Auto_TC001_12" classname="testcases.app.psp.psp_testcases">
    <skipped/>
  </testcase> <!-- Auto_TC001_12 -->
  <testcase name="Auto_TC001_12" classname="testcases.app.psp.psp_testcases">
    <skipped/>
  </testcase> <!-- Auto_TC001_12 -->
  <testcase name="Auto_TC001_12" classname="testcases.app.psp.psp_testcases">
    <skipped/>
  </testcase> <!-- Auto_TC001_12 -->
  <testcase name="Auto_TC001_12" classname="testcases.app.psp.psp_testcases">
    <skipped/>
  </testcase> <!-- Auto_TC001_12 -->
  <testcase name="Auto_TC001_12" classname="testcases.app.psp.psp_testcases">
    <skipped/>
  </testcase> <!-- Auto_TC001_12 -->
  <testcase name="Auto_TC001_12" classname="testcases.app.psp.psp_testcases">
    <skipped/>
  </testcase> <!-- Auto_TC001_12 -->
  <testcase name="Auto_TC001_12" classname="testcases.app.psp.psp_testcases">
    <skipped/>
  </testcase> <!-- Auto_TC001_12 -->
  <testcase name="Auto_TC001_12" classname="testcases.app.psp.psp_testcases">
    <skipped/>
  </testcase> <!-- Auto_TC001_12 -->
  <testcase name="Auto_TC001_12" classname="testcases.app.psp.psp_testcases">
    <skipped/>
  </testcase> <!-- Auto_TC001_12 -->
  <testcase name="Auto_TC001_12" classname="testcases.app.psp.psp_testcases">
    <skipped/>
  </testcase> <!-- Auto_TC001_12 -->
  <testcase name="Auto_TC001_11" classname="testcases.app.psp.psp_testcases">
    <skipped/>
  </testcase> <!-- Auto_TC001_11 -->
  <testcase name="Auto_TC001_11" classname="testcases.app.psp.psp_testcases">
    <skipped/>
  </testcase> <!-- Auto_TC001_11 -->
  <testcase name="Auto_TC001_11" classname="testcases.app.psp.psp_testcases">
    <skipped/>
  </testcase> <!-- Auto_TC001_11 -->
  <testcase name="Auto_TC001_11" classname="testcases.app.psp.psp_testcases">
    <skipped/>
  </testcase> <!-- Auto_TC001_11 -->
  <testcase name="Auto_TC001_11" classname="testcases.app.psp.psp_testcases">
    <skipped/>
  </testcase> <!-- Auto_TC001_11 -->
  <testcase name="Auto_TC001_11" classname="testcases.app.psp.psp_testcases">
    <skipped/>
  </testcase> <!-- Auto_TC001_11 -->
  <testcase name="Auto_TC001_11" classname="testcases.app.psp.psp_testcases">
    <skipped/>
  </testcase> <!-- Auto_TC001_11 -->
  <testcase name="Auto_TC001_11" classname="testcases.app.psp.psp_testcases">
    <skipped/>
  </testcase> <!-- Auto_TC001_11 -->
  <testcase name="Auto_TC001_11" classname="testcases.app.psp.psp_testcases">
    <skipped/>
  </testcase> <!-- Auto_TC001_11 -->
  <testcase name="Auto_TC001_11" classname="testcases.app.psp.psp_testcases">
    <skipped/>
  </testcase> <!-- Auto_TC001_11 -->
  <testcase name="Auto_TC001_11" classname="testcases.app.psp.psp_testcases">
    <skipped/>
  </testcase> <!-- Auto_TC001_11 -->
  <testcase name="Auto_TC001_11" classname="testcases.app.psp.psp_testcases">
    <skipped/>
  </testcase> <!-- Auto_TC001_11 -->
  <testcase name="Auto_TC001_11" classname="testcases.app.psp.psp_testcases">
    <skipped/>
  </testcase> <!-- Auto_TC001_11 -->
  <testcase name="Auto_TC001_11" classname="testcases.app.psp.psp_testcases">
    <skipped/>
  </testcase> <!-- Auto_TC001_11 -->
  <testcase name="Auto_TC001_11" classname="testcases.app.psp.psp_testcases">
    <skipped/>
  </testcase> <!-- Auto_TC001_11 -->
  <testcase name="Auto_TC001_11" classname="testcases.app.psp.psp_testcases">
    <skipped/>
  </testcase> <!-- Auto_TC001_11 -->
  <testcase name="Auto_TC001_11" classname="testcases.app.psp.psp_testcases">
    <skipped/>
  </testcase> <!-- Auto_TC001_11 -->
  <testcase name="Auto_TC001_11" classname="testcases.app.psp.psp_testcases">
    <skipped/>
  </testcase> <!-- Auto_TC001_11 -->
  <testcase name="Auto_TC001_11" classname="testcases.app.psp.psp_testcases">
    <skipped/>
  </testcase> <!-- Auto_TC001_11 -->
  <testcase name="Auto_TC001_11" classname="testcases.app.psp.psp_testcases">
    <skipped/>
  </testcase> <!-- Auto_TC001_11 -->
  <testcase name="Auto_TC001_11" classname="testcases.app.psp.psp_testcases">
    <skipped/>
  </testcase> <!-- Auto_TC001_11 -->
  <testcase name="Auto_TC001_11" classname="testcases.app.psp.psp_testcases">
    <skipped/>
  </testcase> <!-- Auto_TC001_11 -->
  <testcase name="Auto_TC001_11" classname="testcases.app.psp.psp_testcases">
    <skipped/>
  </testcase> <!-- Auto_TC001_11 -->
  <testcase name="Auto_TC001_11" classname="testcases.app.psp.psp_testcases">
    <skipped/>
  </testcase> <!-- Auto_TC001_11 -->
  <testcase name="Auto_TC001_11" classname="testcases.app.psp.psp_testcases">
    <skipped/>
  </testcase> <!-- Auto_TC001_11 -->
  <testcase name="Auto_TC001_11" classname="testcases.app.psp.psp_testcases">
    <skipped/>
  </testcase> <!-- Auto_TC001_11 -->
  <testcase name="Auto_TC001_11" classname="testcases.app.psp.psp_testcases">
    <skipped/>
  </testcase> <!-- Auto_TC001_11 -->
  <testcase name="Auto_TC001_11" classname="testcases.app.psp.psp_testcases">
    <skipped/>
  </testcase> <!-- Auto_TC001_11 -->
  <testcase name="Auto_TC001_11" classname="testcases.app.psp.psp_testcases">
    <skipped/>
  </testcase> <!-- Auto_TC001_11 -->
  <testcase name="Auto_TC001_11" classname="testcases.app.psp.psp_testcases">
    <skipped/>
  </testcase> <!-- Auto_TC001_11 -->
  <testcase name="Auto_TC001_11" classname="testcases.app.psp.psp_testcases">
    <skipped/>
  </testcase> <!-- Auto_TC001_11 -->
  <testcase name="Auto_TC001_11" classname="testcases.app.psp.psp_testcases">
    <skipped/>
  </testcase> <!-- Auto_TC001_11 -->
  <testcase name="Auto_TC001_11" classname="testcases.app.psp.psp_testcases">
    <skipped/>
  </testcase> <!-- Auto_TC001_11 -->
  <testcase name="Auto_TC001_11" classname="testcases.app.psp.psp_testcases">
    <skipped/>
  </testcase> <!-- Auto_TC001_11 -->
  <testcase name="Auto_TC001_11" classname="testcases.app.psp.psp_testcases">
    <skipped/>
  </testcase> <!-- Auto_TC001_11 -->
  <testcase name="Auto_TC001_11" classname="testcases.app.psp.psp_testcases">
    <skipped/>
  </testcase> <!-- Auto_TC001_11 -->
  <testcase name="Auto_TC001_11" classname="testcases.app.psp.psp_testcases">
    <skipped/>
  </testcase> <!-- Auto_TC001_11 -->
  <testcase name="Auto_TC001_11" classname="testcases.app.psp.psp_testcases">
    <skipped/>
  </testcase> <!-- Auto_TC001_11 -->
  <testcase name="Auto_TC001_11" classname="testcases.app.psp.psp_testcases">
    <skipped/>
  </testcase> <!-- Auto_TC001_11 -->
  <testcase name="Auto_TC001_11" classname="testcases.app.psp.psp_testcases">
    <skipped/>
  </testcase> <!-- Auto_TC001_11 -->
  <testcase name="Auto_TC001_11" classname="testcases.app.psp.psp_testcases">
    <skipped/>
  </testcase> <!-- Auto_TC001_11 -->
  <testcase name="Auto_TC001_11" classname="testcases.app.psp.psp_testcases">
    <skipped/>
  </testcase> <!-- Auto_TC001_11 -->
  <testcase name="Auto_TC001_11" classname="testcases.app.psp.psp_testcases">
    <skipped/>
  </testcase> <!-- Auto_TC001_11 -->
  <testcase name="Auto_TC001_11" classname="testcases.app.psp.psp_testcases">
    <skipped/>
  </testcase> <!-- Auto_TC001_11 -->
  <testcase name="Auto_TC001_11" classname="testcases.app.psp.psp_testcases">
    <skipped/>
  </testcase> <!-- Auto_TC001_11 -->
  <testcase name="Auto_TC001_11" classname="testcases.app.psp.psp_testcases">
    <skipped/>
  </testcase> <!-- Auto_TC001_11 -->
  <testcase name="Auto_TC001_10" classname="testcases.app.psp.psp_testcases">
    <skipped/>
  </testcase> <!-- Auto_TC001_10 -->
  <testcase name="Auto_TC001_10" classname="testcases.app.psp.psp_testcases">
    <skipped/>
  </testcase> <!-- Auto_TC001_10 -->
  <testcase name="Auto_TC001_10" classname="testcases.app.psp.psp_testcases">
    <skipped/>
  </testcase> <!-- Auto_TC001_10 -->
  <testcase name="Auto_TC001_10" classname="testcases.app.psp.psp_testcases">
    <skipped/>
  </testcase> <!-- Auto_TC001_10 -->
  <testcase name="Auto_TC001_10" classname="testcases.app.psp.psp_testcases">
    <skipped/>
  </testcase> <!-- Auto_TC001_10 -->
  <testcase name="Auto_TC001_10" classname="testcases.app.psp.psp_testcases">
    <skipped/>
  </testcase> <!-- Auto_TC001_10 -->
  <testcase name="Auto_TC001_10" classname="testcases.app.psp.psp_testcases">
    <skipped/>
  </testcase> <!-- Auto_TC001_10 -->
  <testcase name="Auto_TC001_10" classname="testcases.app.psp.psp_testcases">
    <skipped/>
  </testcase> <!-- Auto_TC001_10 -->
  <testcase name="Auto_TC001_10" classname="testcases.app.psp.psp_testcases">
    <skipped/>
  </testcase> <!-- Auto_TC001_10 -->
  <testcase name="Auto_TC001_10" classname="testcases.app.psp.psp_testcases">
    <skipped/>
  </testcase> <!-- Auto_TC001_10 -->
  <testcase name="Auto_TC001_10" classname="testcases.app.psp.psp_testcases">
    <skipped/>
  </testcase> <!-- Auto_TC001_10 -->
  <testcase name="Auto_TC001_10" classname="testcases.app.psp.psp_testcases">
    <skipped/>
  </testcase> <!-- Auto_TC001_10 -->
  <testcase name="Auto_TC001_10" classname="testcases.app.psp.psp_testcases">
    <skipped/>
  </testcase> <!-- Auto_TC001_10 -->
  <testcase name="Auto_TC001_10" classname="testcases.app.psp.psp_testcases">
    <skipped/>
  </testcase> <!-- Auto_TC001_10 -->
  <testcase name="Auto_TC001_10" classname="testcases.app.psp.psp_testcases">
    <skipped/>
  </testcase> <!-- Auto_TC001_10 -->
  <testcase name="Auto_TC001_10" classname="testcases.app.psp.psp_testcases">
    <skipped/>
  </testcase> <!-- Auto_TC001_10 -->
  <testcase name="Auto_TC001_10" classname="testcases.app.psp.psp_testcases">
    <skipped/>
  </testcase> <!-- Auto_TC001_10 -->
  <testcase name="Auto_TC001_10" classname="testcases.app.psp.psp_testcases">
    <skipped/>
  </testcase> <!-- Auto_TC001_10 -->
  <testcase name="Auto_TC001_10" classname="testcases.app.psp.psp_testcases">
    <skipped/>
  </testcase> <!-- Auto_TC001_10 -->
  <testcase name="Auto_TC001_10" classname="testcases.app.psp.psp_testcases">
    <skipped/>
  </testcase> <!-- Auto_TC001_10 -->
  <testcase name="Auto_TC001_10" classname="testcases.app.psp.psp_testcases">
    <skipped/>
  </testcase> <!-- Auto_TC001_10 -->
  <testcase name="Auto_TC001_10" classname="testcases.app.psp.psp_testcases">
    <skipped/>
  </testcase> <!-- Auto_TC001_10 -->
  <testcase name="Auto_TC001_10" classname="testcases.app.psp.psp_testcases">
    <skipped/>
  </testcase> <!-- Auto_TC001_10 -->
  <testcase name="Auto_TC001_10" classname="testcases.app.psp.psp_testcases">
    <skipped/>
  </testcase> <!-- Auto_TC001_10 -->
  <testcase name="Auto_TC001_10" classname="testcases.app.psp.psp_testcases">
    <skipped/>
  </testcase> <!-- Auto_TC001_10 -->
  <testcase name="Auto_TC001_10" classname="testcases.app.psp.psp_testcases">
    <skipped/>
  </testcase> <!-- Auto_TC001_10 -->
  <testcase name="Auto_TC001_10" classname="testcases.app.psp.psp_testcases">
    <skipped/>
  </testcase> <!-- Auto_TC001_10 -->
  <testcase name="Auto_TC001_10" classname="testcases.app.psp.psp_testcases">
    <skipped/>
  </testcase> <!-- Auto_TC001_10 -->
  <testcase name="Auto_TC001_10" classname="testcases.app.psp.psp_testcases">
    <skipped/>
  </testcase> <!-- Auto_TC001_10 -->
  <testcase name="Auto_TC001_10" classname="testcases.app.psp.psp_testcases">
    <skipped/>
  </testcase> <!-- Auto_TC001_10 -->
  <testcase name="Auto_TC001_10" classname="testcases.app.psp.psp_testcases">
    <skipped/>
  </testcase> <!-- Auto_TC001_10 -->
  <testcase name="Auto_TC001_10" classname="testcases.app.psp.psp_testcases">
    <skipped/>
  </testcase> <!-- Auto_TC001_10 -->
  <testcase name="Auto_TC001_10" classname="testcases.app.psp.psp_testcases">
    <skipped/>
  </testcase> <!-- Auto_TC001_10 -->
  <testcase name="Auto_TC001_10" classname="testcases.app.psp.psp_testcases">
    <skipped/>
  </testcase> <!-- Auto_TC001_10 -->
  <testcase name="Auto_TC001_10" classname="testcases.app.psp.psp_testcases">
    <skipped/>
  </testcase> <!-- Auto_TC001_10 -->
  <testcase name="Auto_TC001_10" classname="testcases.app.psp.psp_testcases">
    <skipped/>
  </testcase> <!-- Auto_TC001_10 -->
  <testcase name="Auto_TC001_10" classname="testcases.app.psp.psp_testcases">
    <skipped/>
  </testcase> <!-- Auto_TC001_10 -->
  <testcase name="Auto_TC001_10" classname="testcases.app.psp.psp_testcases">
    <skipped/>
  </testcase> <!-- Auto_TC001_10 -->
  <testcase name="Auto_TC001_10" classname="testcases.app.psp.psp_testcases">
    <skipped/>
  </testcase> <!-- Auto_TC001_10 -->
  <testcase name="Auto_TC001_10" classname="testcases.app.psp.psp_testcases">
    <skipped/>
  </testcase> <!-- Auto_TC001_10 -->
  <testcase name="Auto_TC001_10" classname="testcases.app.psp.psp_testcases">
    <skipped/>
  </testcase> <!-- Auto_TC001_10 -->
  <testcase name="Auto_TC001_10" classname="testcases.app.psp.psp_testcases">
    <skipped/>
  </testcase> <!-- Auto_TC001_10 -->
  <testcase name="Auto_TC001_10" classname="testcases.app.psp.psp_testcases">
    <skipped/>
  </testcase> <!-- Auto_TC001_10 -->
  <testcase name="Auto_TC001_10" classname="testcases.app.psp.psp_testcases">
    <skipped/>
  </testcase> <!-- Auto_TC001_10 -->
  <testcase name="Auto_TC001_10" classname="testcases.app.psp.psp_testcases">
    <skipped/>
  </testcase> <!-- Auto_TC001_10 -->
  <testcase name="Auto_TC001_10" classname="testcases.app.psp.psp_testcases">
    <skipped/>
  </testcase> <!-- Auto_TC001_10 -->
  <testcase name="Auto_TC001_17" classname="testcases.app.psp.psp_testcases">
    <skipped/>
  </testcase> <!-- Auto_TC001_17 -->
  <testcase name="Auto_TC001_17" classname="testcases.app.psp.psp_testcases">
    <skipped/>
  </testcase> <!-- Auto_TC001_17 -->
  <testcase name="Auto_TC001_17" classname="testcases.app.psp.psp_testcases">
    <skipped/>
  </testcase> <!-- Auto_TC001_17 -->
  <testcase name="Auto_TC001_17" classname="testcases.app.psp.psp_testcases">
    <skipped/>
  </testcase> <!-- Auto_TC001_17 -->
  <testcase name="Auto_TC001_17" classname="testcases.app.psp.psp_testcases">
    <skipped/>
  </testcase> <!-- Auto_TC001_17 -->
  <testcase name="Auto_TC001_17" classname="testcases.app.psp.psp_testcases">
    <skipped/>
  </testcase> <!-- Auto_TC001_17 -->
  <testcase name="Auto_TC001_17" classname="testcases.app.psp.psp_testcases">
    <skipped/>
  </testcase> <!-- Auto_TC001_17 -->
  <testcase name="Auto_TC001_17" classname="testcases.app.psp.psp_testcases">
    <skipped/>
  </testcase> <!-- Auto_TC001_17 -->
  <testcase name="Auto_TC001_17" classname="testcases.app.psp.psp_testcases">
    <skipped/>
  </testcase> <!-- Auto_TC001_17 -->
  <testcase name="Auto_TC001_17" classname="testcases.app.psp.psp_testcases">
    <skipped/>
  </testcase> <!-- Auto_TC001_17 -->
  <testcase name="Auto_TC001_17" classname="testcases.app.psp.psp_testcases">
    <skipped/>
  </testcase> <!-- Auto_TC001_17 -->
  <testcase name="Auto_TC001_17" classname="testcases.app.psp.psp_testcases">
    <skipped/>
  </testcase> <!-- Auto_TC001_17 -->
  <testcase name="Auto_TC001_17" classname="testcases.app.psp.psp_testcases">
    <skipped/>
  </testcase> <!-- Auto_TC001_17 -->
  <testcase name="Auto_TC001_17" classname="testcases.app.psp.psp_testcases">
    <skipped/>
  </testcase> <!-- Auto_TC001_17 -->
  <testcase name="Auto_TC001_17" classname="testcases.app.psp.psp_testcases">
    <skipped/>
  </testcase> <!-- Auto_TC001_17 -->
  <testcase name="Auto_TC001_17" classname="testcases.app.psp.psp_testcases">
    <skipped/>
  </testcase> <!-- Auto_TC001_17 -->
  <testcase name="Auto_TC001_17" classname="testcases.app.psp.psp_testcases">
    <skipped/>
  </testcase> <!-- Auto_TC001_17 -->
  <testcase name="Auto_TC001_17" classname="testcases.app.psp.psp_testcases">
    <skipped/>
  </testcase> <!-- Auto_TC001_17 -->
  <testcase name="Auto_TC001_17" classname="testcases.app.psp.psp_testcases">
    <skipped/>
  </testcase> <!-- Auto_TC001_17 -->
  <testcase name="Auto_TC001_17" classname="testcases.app.psp.psp_testcases">
    <skipped/>
  </testcase> <!-- Auto_TC001_17 -->
  <testcase name="Auto_TC001_17" classname="testcases.app.psp.psp_testcases">
    <skipped/>
  </testcase> <!-- Auto_TC001_17 -->
  <testcase name="Auto_TC001_17" classname="testcases.app.psp.psp_testcases">
    <skipped/>
  </testcase> <!-- Auto_TC001_17 -->
  <testcase name="Auto_TC001_17" classname="testcases.app.psp.psp_testcases">
    <skipped/>
  </testcase> <!-- Auto_TC001_17 -->
  <testcase name="Auto_TC001_17" classname="testcases.app.psp.psp_testcases">
    <skipped/>
  </testcase> <!-- Auto_TC001_17 -->
  <testcase name="Auto_TC001_17" classname="testcases.app.psp.psp_testcases">
    <skipped/>
  </testcase> <!-- Auto_TC001_17 -->
  <testcase name="Auto_TC001_17" classname="testcases.app.psp.psp_testcases">
    <skipped/>
  </testcase> <!-- Auto_TC001_17 -->
  <testcase name="Auto_TC001_17" classname="testcases.app.psp.psp_testcases">
    <skipped/>
  </testcase> <!-- Auto_TC001_17 -->
  <testcase name="Auto_TC001_17" classname="testcases.app.psp.psp_testcases">
    <skipped/>
  </testcase> <!-- Auto_TC001_17 -->
  <testcase name="Auto_TC001_17" classname="testcases.app.psp.psp_testcases">
    <skipped/>
  </testcase> <!-- Auto_TC001_17 -->
  <testcase name="Auto_TC001_17" classname="testcases.app.psp.psp_testcases">
    <skipped/>
  </testcase> <!-- Auto_TC001_17 -->
  <testcase name="Auto_TC001_17" classname="testcases.app.psp.psp_testcases">
    <skipped/>
  </testcase> <!-- Auto_TC001_17 -->
  <testcase name="Auto_TC001_17" classname="testcases.app.psp.psp_testcases">
    <skipped/>
  </testcase> <!-- Auto_TC001_17 -->
  <testcase name="Auto_TC001_17" classname="testcases.app.psp.psp_testcases">
    <skipped/>
  </testcase> <!-- Auto_TC001_17 -->
  <testcase name="Auto_TC001_17" classname="testcases.app.psp.psp_testcases">
    <skipped/>
  </testcase> <!-- Auto_TC001_17 -->
  <testcase name="Auto_TC001_17" classname="testcases.app.psp.psp_testcases">
    <skipped/>
  </testcase> <!-- Auto_TC001_17 -->
  <testcase name="Auto_TC001_17" classname="testcases.app.psp.psp_testcases">
    <skipped/>
  </testcase> <!-- Auto_TC001_17 -->
  <testcase name="Auto_TC001_17" classname="testcases.app.psp.psp_testcases">
    <skipped/>
  </testcase> <!-- Auto_TC001_17 -->
  <testcase name="Auto_TC001_17" classname="testcases.app.psp.psp_testcases">
    <skipped/>
  </testcase> <!-- Auto_TC001_17 -->
  <testcase name="Auto_TC001_17" classname="testcases.app.psp.psp_testcases">
    <skipped/>
  </testcase> <!-- Auto_TC001_17 -->
  <testcase name="Auto_TC001_17" classname="testcases.app.psp.psp_testcases">
    <skipped/>
  </testcase> <!-- Auto_TC001_17 -->
  <testcase name="Auto_TC001_17" classname="testcases.app.psp.psp_testcases">
    <skipped/>
  </testcase> <!-- Auto_TC001_17 -->
  <testcase name="Auto_TC001_17" classname="testcases.app.psp.psp_testcases">
    <skipped/>
  </testcase> <!-- Auto_TC001_17 -->
  <testcase name="Auto_TC001_17" classname="testcases.app.psp.psp_testcases">
    <skipped/>
  </testcase> <!-- Auto_TC001_17 -->
  <testcase name="Auto_TC001_17" classname="testcases.app.psp.psp_testcases">
    <skipped/>
  </testcase> <!-- Auto_TC001_17 -->
  <testcase name="Auto_TC001_17" classname="testcases.app.psp.psp_testcases">
    <skipped/>
  </testcase> <!-- Auto_TC001_17 -->
  <testcase name="Auto_TC001_17" classname="testcases.app.psp.psp_testcases">
    <skipped/>
  </testcase> <!-- Auto_TC001_17 -->
  <testcase name="Auto_TC001_16" classname="testcases.app.psp.psp_testcases">
    <skipped/>
  </testcase> <!-- Auto_TC001_16 -->
  <testcase name="Auto_TC001_16" classname="testcases.app.psp.psp_testcases">
    <skipped/>
  </testcase> <!-- Auto_TC001_16 -->
  <testcase name="Auto_TC001_16" classname="testcases.app.psp.psp_testcases">
    <skipped/>
  </testcase> <!-- Auto_TC001_16 -->
  <testcase name="Auto_TC001_16" classname="testcases.app.psp.psp_testcases">
    <skipped/>
  </testcase> <!-- Auto_TC001_16 -->
  <testcase name="Auto_TC001_16" classname="testcases.app.psp.psp_testcases">
    <skipped/>
  </testcase> <!-- Auto_TC001_16 -->
  <testcase name="Auto_TC001_16" classname="testcases.app.psp.psp_testcases">
    <skipped/>
  </testcase> <!-- Auto_TC001_16 -->
  <testcase name="Auto_TC001_16" classname="testcases.app.psp.psp_testcases">
    <skipped/>
  </testcase> <!-- Auto_TC001_16 -->
  <testcase name="Auto_TC001_16" classname="testcases.app.psp.psp_testcases">
    <skipped/>
  </testcase> <!-- Auto_TC001_16 -->
  <testcase name="Auto_TC001_16" classname="testcases.app.psp.psp_testcases">
    <skipped/>
  </testcase> <!-- Auto_TC001_16 -->
  <testcase name="Auto_TC001_16" classname="testcases.app.psp.psp_testcases">
    <skipped/>
  </testcase> <!-- Auto_TC001_16 -->
  <testcase name="Auto_TC001_16" classname="testcases.app.psp.psp_testcases">
    <skipped/>
  </testcase> <!-- Auto_TC001_16 -->
  <testcase name="Auto_TC001_16" classname="testcases.app.psp.psp_testcases">
    <skipped/>
  </testcase> <!-- Auto_TC001_16 -->
  <testcase name="Auto_TC001_16" classname="testcases.app.psp.psp_testcases">
    <skipped/>
  </testcase> <!-- Auto_TC001_16 -->
  <testcase name="Auto_TC001_16" classname="testcases.app.psp.psp_testcases">
    <skipped/>
  </testcase> <!-- Auto_TC001_16 -->
  <testcase name="Auto_TC001_16" classname="testcases.app.psp.psp_testcases">
    <skipped/>
  </testcase> <!-- Auto_TC001_16 -->
  <testcase name="Auto_TC001_16" classname="testcases.app.psp.psp_testcases">
    <skipped/>
  </testcase> <!-- Auto_TC001_16 -->
  <testcase name="Auto_TC001_16" classname="testcases.app.psp.psp_testcases">
    <skipped/>
  </testcase> <!-- Auto_TC001_16 -->
  <testcase name="Auto_TC001_16" classname="testcases.app.psp.psp_testcases">
    <skipped/>
  </testcase> <!-- Auto_TC001_16 -->
  <testcase name="Auto_TC001_16" classname="testcases.app.psp.psp_testcases">
    <skipped/>
  </testcase> <!-- Auto_TC001_16 -->
  <testcase name="Auto_TC001_16" classname="testcases.app.psp.psp_testcases">
    <skipped/>
  </testcase> <!-- Auto_TC001_16 -->
  <testcase name="Auto_TC001_16" classname="testcases.app.psp.psp_testcases">
    <skipped/>
  </testcase> <!-- Auto_TC001_16 -->
  <testcase name="Auto_TC001_16" classname="testcases.app.psp.psp_testcases">
    <skipped/>
  </testcase> <!-- Auto_TC001_16 -->
  <testcase name="Auto_TC001_16" classname="testcases.app.psp.psp_testcases">
    <skipped/>
  </testcase> <!-- Auto_TC001_16 -->
  <testcase name="Auto_TC001_16" classname="testcases.app.psp.psp_testcases">
    <skipped/>
  </testcase> <!-- Auto_TC001_16 -->
  <testcase name="Auto_TC001_16" classname="testcases.app.psp.psp_testcases">
    <skipped/>
  </testcase> <!-- Auto_TC001_16 -->
  <testcase name="Auto_TC001_16" classname="testcases.app.psp.psp_testcases">
    <skipped/>
  </testcase> <!-- Auto_TC001_16 -->
  <testcase name="Auto_TC001_16" classname="testcases.app.psp.psp_testcases">
    <skipped/>
  </testcase> <!-- Auto_TC001_16 -->
  <testcase name="Auto_TC001_16" classname="testcases.app.psp.psp_testcases">
    <skipped/>
  </testcase> <!-- Auto_TC001_16 -->
  <testcase name="Auto_TC001_16" classname="testcases.app.psp.psp_testcases">
    <skipped/>
  </testcase> <!-- Auto_TC001_16 -->
  <testcase name="Auto_TC001_16" classname="testcases.app.psp.psp_testcases">
    <skipped/>
  </testcase> <!-- Auto_TC001_16 -->
  <testcase name="Auto_TC001_16" classname="testcases.app.psp.psp_testcases">
    <skipped/>
  </testcase> <!-- Auto_TC001_16 -->
  <testcase name="Auto_TC001_16" classname="testcases.app.psp.psp_testcases">
    <skipped/>
  </testcase> <!-- Auto_TC001_16 -->
  <testcase name="Auto_TC001_16" classname="testcases.app.psp.psp_testcases">
    <skipped/>
  </testcase> <!-- Auto_TC001_16 -->
  <testcase name="Auto_TC001_16" classname="testcases.app.psp.psp_testcases">
    <skipped/>
  </testcase> <!-- Auto_TC001_16 -->
  <testcase name="Auto_TC001_16" classname="testcases.app.psp.psp_testcases">
    <skipped/>
  </testcase> <!-- Auto_TC001_16 -->
  <testcase name="Auto_TC001_16" classname="testcases.app.psp.psp_testcases">
    <skipped/>
  </testcase> <!-- Auto_TC001_16 -->
  <testcase name="Auto_TC001_16" classname="testcases.app.psp.psp_testcases">
    <skipped/>
  </testcase> <!-- Auto_TC001_16 -->
  <testcase name="Auto_TC001_16" classname="testcases.app.psp.psp_testcases">
    <skipped/>
  </testcase> <!-- Auto_TC001_16 -->
  <testcase name="Auto_TC001_16" classname="testcases.app.psp.psp_testcases">
    <skipped/>
  </testcase> <!-- Auto_TC001_16 -->
  <testcase name="Auto_TC001_16" classname="testcases.app.psp.psp_testcases">
    <skipped/>
  </testcase> <!-- Auto_TC001_16 -->
  <testcase name="Auto_TC001_16" classname="testcases.app.psp.psp_testcases">
    <skipped/>
  </testcase> <!-- Auto_TC001_16 -->
  <testcase name="Auto_TC001_16" classname="testcases.app.psp.psp_testcases">
    <skipped/>
  </testcase> <!-- Auto_TC001_16 -->
  <testcase name="Auto_TC001_16" classname="testcases.app.psp.psp_testcases">
    <skipped/>
  </testcase> <!-- Auto_TC001_16 -->
  <testcase name="Auto_TC001_16" classname="testcases.app.psp.psp_testcases">
    <skipped/>
  </testcase> <!-- Auto_TC001_16 -->
  <testcase name="Auto_TC001_16" classname="testcases.app.psp.psp_testcases">
    <skipped/>
  </testcase> <!-- Auto_TC001_16 -->
  <testcase name="Auto_TC001_16" classname="testcases.app.psp.psp_testcases">
    <skipped/>
  </testcase> <!-- Auto_TC001_16 -->
  <testcase name="Auto_TC001_15" classname="testcases.app.psp.psp_testcases">
    <skipped/>
  </testcase> <!-- Auto_TC001_15 -->
  <testcase name="Auto_TC001_15" classname="testcases.app.psp.psp_testcases">
    <skipped/>
  </testcase> <!-- Auto_TC001_15 -->
  <testcase name="Auto_TC001_15" classname="testcases.app.psp.psp_testcases">
    <skipped/>
  </testcase> <!-- Auto_TC001_15 -->
  <testcase name="Auto_TC001_15" classname="testcases.app.psp.psp_testcases">
    <skipped/>
  </testcase> <!-- Auto_TC001_15 -->
  <testcase name="Auto_TC001_15" classname="testcases.app.psp.psp_testcases">
    <skipped/>
  </testcase> <!-- Auto_TC001_15 -->
  <testcase name="Auto_TC001_15" classname="testcases.app.psp.psp_testcases">
    <skipped/>
  </testcase> <!-- Auto_TC001_15 -->
  <testcase name="Auto_TC001_15" classname="testcases.app.psp.psp_testcases">
    <skipped/>
  </testcase> <!-- Auto_TC001_15 -->
  <testcase name="Auto_TC001_15" classname="testcases.app.psp.psp_testcases">
    <skipped/>
  </testcase> <!-- Auto_TC001_15 -->
  <testcase name="Auto_TC001_15" classname="testcases.app.psp.psp_testcases">
    <skipped/>
  </testcase> <!-- Auto_TC001_15 -->
  <testcase name="Auto_TC001_15" classname="testcases.app.psp.psp_testcases">
    <skipped/>
  </testcase> <!-- Auto_TC001_15 -->
  <testcase name="Auto_TC001_15" classname="testcases.app.psp.psp_testcases">
    <skipped/>
  </testcase> <!-- Auto_TC001_15 -->
  <testcase name="Auto_TC001_15" classname="testcases.app.psp.psp_testcases">
    <skipped/>
  </testcase> <!-- Auto_TC001_15 -->
  <testcase name="Auto_TC001_15" classname="testcases.app.psp.psp_testcases">
    <skipped/>
  </testcase> <!-- Auto_TC001_15 -->
  <testcase name="Auto_TC001_15" classname="testcases.app.psp.psp_testcases">
    <skipped/>
  </testcase> <!-- Auto_TC001_15 -->
  <testcase name="Auto_TC001_15" classname="testcases.app.psp.psp_testcases">
    <skipped/>
  </testcase> <!-- Auto_TC001_15 -->
  <testcase name="Auto_TC001_15" classname="testcases.app.psp.psp_testcases">
    <skipped/>
  </testcase> <!-- Auto_TC001_15 -->
  <testcase name="Auto_TC001_15" classname="testcases.app.psp.psp_testcases">
    <skipped/>
  </testcase> <!-- Auto_TC001_15 -->
  <testcase name="Auto_TC001_15" classname="testcases.app.psp.psp_testcases">
    <skipped/>
  </testcase> <!-- Auto_TC001_15 -->
  <testcase name="Auto_TC001_15" classname="testcases.app.psp.psp_testcases">
    <skipped/>
  </testcase> <!-- Auto_TC001_15 -->
  <testcase name="Auto_TC001_15" classname="testcases.app.psp.psp_testcases">
    <skipped/>
  </testcase> <!-- Auto_TC001_15 -->
  <testcase name="Auto_TC001_15" classname="testcases.app.psp.psp_testcases">
    <skipped/>
  </testcase> <!-- Auto_TC001_15 -->
  <testcase name="Auto_TC001_15" classname="testcases.app.psp.psp_testcases">
    <skipped/>
  </testcase> <!-- Auto_TC001_15 -->
  <testcase name="Auto_TC001_15" classname="testcases.app.psp.psp_testcases">
    <skipped/>
  </testcase> <!-- Auto_TC001_15 -->
  <testcase name="Auto_TC001_15" classname="testcases.app.psp.psp_testcases">
    <skipped/>
  </testcase> <!-- Auto_TC001_15 -->
  <testcase name="Auto_TC001_15" classname="testcases.app.psp.psp_testcases">
    <skipped/>
  </testcase> <!-- Auto_TC001_15 -->
  <testcase name="Auto_TC001_15" classname="testcases.app.psp.psp_testcases">
    <skipped/>
  </testcase> <!-- Auto_TC001_15 -->
  <testcase name="Auto_TC001_15" classname="testcases.app.psp.psp_testcases">
    <skipped/>
  </testcase> <!-- Auto_TC001_15 -->
  <testcase name="Auto_TC001_15" classname="testcases.app.psp.psp_testcases">
    <skipped/>
  </testcase> <!-- Auto_TC001_15 -->
  <testcase name="Auto_TC001_15" classname="testcases.app.psp.psp_testcases">
    <skipped/>
  </testcase> <!-- Auto_TC001_15 -->
  <testcase name="Auto_TC001_15" classname="testcases.app.psp.psp_testcases">
    <skipped/>
  </testcase> <!-- Auto_TC001_15 -->
  <testcase name="Auto_TC001_15" classname="testcases.app.psp.psp_testcases">
    <skipped/>
  </testcase> <!-- Auto_TC001_15 -->
  <testcase name="Auto_TC001_15" classname="testcases.app.psp.psp_testcases">
    <skipped/>
  </testcase> <!-- Auto_TC001_15 -->
  <testcase name="Auto_TC001_15" classname="testcases.app.psp.psp_testcases">
    <skipped/>
  </testcase> <!-- Auto_TC001_15 -->
  <testcase name="Auto_TC001_15" classname="testcases.app.psp.psp_testcases">
    <skipped/>
  </testcase> <!-- Auto_TC001_15 -->
  <testcase name="Auto_TC001_15" classname="testcases.app.psp.psp_testcases">
    <skipped/>
  </testcase> <!-- Auto_TC001_15 -->
  <testcase name="Auto_TC001_15" classname="testcases.app.psp.psp_testcases">
    <skipped/>
  </testcase> <!-- Auto_TC001_15 -->
  <testcase name="Auto_TC001_15" classname="testcases.app.psp.psp_testcases">
    <skipped/>
  </testcase> <!-- Auto_TC001_15 -->
  <testcase name="Auto_TC001_15" classname="testcases.app.psp.psp_testcases">
    <skipped/>
  </testcase> <!-- Auto_TC001_15 -->
  <testcase name="Auto_TC001_15" classname="testcases.app.psp.psp_testcases">
    <skipped/>
  </testcase> <!-- Auto_TC001_15 -->
  <testcase name="Auto_TC001_15" classname="testcases.app.psp.psp_testcases">
    <skipped/>
  </testcase> <!-- Auto_TC001_15 -->
  <testcase name="Auto_TC001_15" classname="testcases.app.psp.psp_testcases">
    <skipped/>
  </testcase> <!-- Auto_TC001_15 -->
  <testcase name="Auto_TC001_15" classname="testcases.app.psp.psp_testcases">
    <skipped/>
  </testcase> <!-- Auto_TC001_15 -->
  <testcase name="Auto_TC001_15" classname="testcases.app.psp.psp_testcases">
    <skipped/>
  </testcase> <!-- Auto_TC001_15 -->
  <testcase name="Auto_TC001_15" classname="testcases.app.psp.psp_testcases">
    <skipped/>
  </testcase> <!-- Auto_TC001_15 -->
  <testcase name="Auto_TC001_15" classname="testcases.app.psp.psp_testcases">
    <skipped/>
  </testcase> <!-- Auto_TC001_15 -->
  <testcase name="Auto_TC001_15" classname="testcases.app.psp.psp_testcases">
    <skipped/>
  </testcase> <!-- Auto_TC001_15 -->
  <testcase name="Auto_TC001_14" classname="testcases.app.psp.psp_testcases">
    <skipped/>
  </testcase> <!-- Auto_TC001_14 -->
  <testcase name="Auto_TC001_14" classname="testcases.app.psp.psp_testcases">
    <skipped/>
  </testcase> <!-- Auto_TC001_14 -->
  <testcase name="Auto_TC001_14" classname="testcases.app.psp.psp_testcases">
    <skipped/>
  </testcase> <!-- Auto_TC001_14 -->
  <testcase name="Auto_TC001_14" classname="testcases.app.psp.psp_testcases">
    <skipped/>
  </testcase> <!-- Auto_TC001_14 -->
  <testcase name="Auto_TC001_14" classname="testcases.app.psp.psp_testcases">
    <skipped/>
  </testcase> <!-- Auto_TC001_14 -->
  <testcase name="Auto_TC001_14" classname="testcases.app.psp.psp_testcases">
    <skipped/>
  </testcase> <!-- Auto_TC001_14 -->
  <testcase name="Auto_TC001_14" classname="testcases.app.psp.psp_testcases">
    <skipped/>
  </testcase> <!-- Auto_TC001_14 -->
  <testcase name="Auto_TC001_14" classname="testcases.app.psp.psp_testcases">
    <skipped/>
  </testcase> <!-- Auto_TC001_14 -->
  <testcase name="Auto_TC001_14" classname="testcases.app.psp.psp_testcases">
    <skipped/>
  </testcase> <!-- Auto_TC001_14 -->
  <testcase name="Auto_TC001_14" classname="testcases.app.psp.psp_testcases">
    <skipped/>
  </testcase> <!-- Auto_TC001_14 -->
  <testcase name="Auto_TC001_14" classname="testcases.app.psp.psp_testcases">
    <skipped/>
  </testcase> <!-- Auto_TC001_14 -->
  <testcase name="Auto_TC001_14" classname="testcases.app.psp.psp_testcases">
    <skipped/>
  </testcase> <!-- Auto_TC001_14 -->
  <testcase name="Auto_TC001_14" classname="testcases.app.psp.psp_testcases">
    <skipped/>
  </testcase> <!-- Auto_TC001_14 -->
  <testcase name="Auto_TC001_14" classname="testcases.app.psp.psp_testcases">
    <skipped/>
  </testcase> <!-- Auto_TC001_14 -->
  <testcase name="Auto_TC001_14" classname="testcases.app.psp.psp_testcases">
    <skipped/>
  </testcase> <!-- Auto_TC001_14 -->
  <testcase name="Auto_TC001_14" classname="testcases.app.psp.psp_testcases">
    <skipped/>
[...]
    <skipped/>
  </testcase> <!-- Auto_TC_010 -->
  <testcase name="Auto_TC_010" classname="testcases.app.trendnext.trendnext_testcases">
    <skipped/>
  </testcase> <!-- Auto_TC_010 -->
  <testcase name="Auto_TC_010" classname="testcases.app.trendnext.trendnext_testcases">
    <skipped/>
  </testcase> <!-- Auto_TC_010 -->
  <testcase name="Auto_TC_010" classname="testcases.app.trendnext.trendnext_testcases">
    <skipped/>
  </testcase> <!-- Auto_TC_010 -->
  <testcase name="Auto_TC_010" classname="testcases.app.trendnext.trendnext_testcases">
    <skipped/>
  </testcase> <!-- Auto_TC_010 -->
  <testcase name="Auto_TC_010" classname="testcases.app.trendnext.trendnext_testcases">
    <skipped/>
  </testcase> <!-- Auto_TC_010 -->
  <testcase name="Auto_TC_010" classname="testcases.app.trendnext.trendnext_testcases">
    <skipped/>
  </testcase> <!-- Auto_TC_010 -->
  <testcase name="Auto_TC_010" classname="testcases.app.trendnext.trendnext_testcases">
    <skipped/>
  </testcase> <!-- Auto_TC_010 -->
  <testcase name="Auto_TC_010" classname="testcases.app.trendnext.trendnext_testcases">
    <skipped/>
  </testcase> <!-- Auto_TC_010 -->
  <testcase name="Auto_TC_010" classname="testcases.app.trendnext.trendnext_testcases">
    <skipped/>
  </testcase> <!-- Auto_TC_010 -->
  <testcase name="Auto_TC_008" classname="testcases.app.trendnext.trendnext_testcases">
    <skipped/>
  </testcase> <!-- Auto_TC_008 -->
  <testcase name="Auto_TC_008" classname="testcases.app.trendnext.trendnext_testcases">
    <skipped/>
  </testcase> <!-- Auto_TC_008 -->
  <testcase name="Auto_TC_008" classname="testcases.app.trendnext.trendnext_testcases">
    <skipped/>
  </testcase> <!-- Auto_TC_008 -->
  <testcase name="Auto_TC_008" classname="testcases.app.trendnext.trendnext_testcases">
    <skipped/>
  </testcase> <!-- Auto_TC_008 -->
  <testcase name="Auto_TC_008" classname="testcases.app.trendnext.trendnext_testcases">
    <skipped/>
  </testcase> <!-- Auto_TC_008 -->
  <testcase name="Auto_TC_008" classname="testcases.app.trendnext.trendnext_testcases">
    <skipped/>
  </testcase> <!-- Auto_TC_008 -->
  <testcase name="Auto_TC_008" classname="testcases.app.trendnext.trendnext_testcases">
    <skipped/>
  </testcase> <!-- Auto_TC_008 -->
  <testcase name="Auto_TC_008" classname="testcases.app.trendnext.trendnext_testcases">
    <skipped/>
  </testcase> <!-- Auto_TC_008 -->
  <testcase name="Auto_TC_008" classname="testcases.app.trendnext.trendnext_testcases">
    <skipped/>
  </testcase> <!-- Auto_TC_008 -->
  <testcase name="Auto_TC_008" classname="testcases.app.trendnext.trendnext_testcases">
    <skipped/>
  </testcase> <!-- Auto_TC_008 -->
  <testcase name="Auto_TC_008" classname="testcases.app.trendnext.trendnext_testcases">
    <skipped/>
  </testcase> <!-- Auto_TC_008 -->
  <testcase name="Auto_TC_008" classname="testcases.app.trendnext.trendnext_testcases">
    <skipped/>
  </testcase> <!-- Auto_TC_008 -->
  <testcase name="Auto_TC_008" classname="testcases.app.trendnext.trendnext_testcases">
    <skipped/>
  </testcase> <!-- Auto_TC_008 -->
  <testcase name="Auto_TC_008" classname="testcases.app.trendnext.trendnext_testcases">
    <skipped/>
  </testcase> <!-- Auto_TC_008 -->
  <testcase name="Auto_TC_008" classname="testcases.app.trendnext.trendnext_testcases">
    <skipped/>
  </testcase> <!-- Auto_TC_008 -->
  <testcase name="Auto_TC_009" classname="testcases.app.trendnext.trendnext_testcases">
    <skipped/>
  </testcase> <!-- Auto_TC_009 -->
  <testcase name="Auto_TC_009" classname="testcases.app.trendnext.trendnext_testcases">
    <skipped/>
  </testcase> <!-- Auto_TC_009 -->
  <testcase name="Auto_TC_009" classname="testcases.app.trendnext.trendnext_testcases">
    <skipped/>
  </testcase> <!-- Auto_TC_009 -->
  <testcase name="Auto_TC_009" classname="testcases.app.trendnext.trendnext_testcases">
    <skipped/>
  </testcase> <!-- Auto_TC_009 -->
  <testcase name="Auto_TC_009" classname="testcases.app.trendnext.trendnext_testcases">
    <skipped/>
  </testcase> <!-- Auto_TC_009 -->
  <testcase name="Auto_TC_009" classname="testcases.app.trendnext.trendnext_testcases">
    <skipped/>
  </testcase> <!-- Auto_TC_009 -->
  <testcase name="Auto_TC_009" classname="testcases.app.trendnext.trendnext_testcases">
    <skipped/>
  </testcase> <!-- Auto_TC_009 -->
  <testcase name="Auto_TC_009" classname="testcases.app.trendnext.trendnext_testcases">
    <skipped/>
  </testcase> <!-- Auto_TC_009 -->
  <testcase name="Auto_TC_009" classname="testcases.app.trendnext.trendnext_testcases">
    <skipped/>
  </testcase> <!-- Auto_TC_009 -->
  <testcase name="Auto_TC_009" classname="testcases.app.trendnext.trendnext_testcases">
    <skipped/>
  </testcase> <!-- Auto_TC_009 -->
  <testcase name="Auto_TC_009" classname="testcases.app.trendnext.trendnext_testcases">
    <skipped/>
  </testcase> <!-- Auto_TC_009 -->
  <testcase name="Auto_TC_009" classname="testcases.app.trendnext.trendnext_testcases">
    <skipped/>
  </testcase> <!-- Auto_TC_009 -->
  <testcase name="Auto_TC_009" classname="testcases.app.trendnext.trendnext_testcases">
    <skipped/>
  </testcase> <!-- Auto_TC_009 -->
  <testcase name="Auto_TC_009" classname="testcases.app.trendnext.trendnext_testcases">
    <skipped/>
  </testcase> <!-- Auto_TC_009 -->
  <testcase name="Auto_TC_009" classname="testcases.app.trendnext.trendnext_testcases">
    <skipped/>
  </testcase> <!-- Auto_TC_009 -->
  <testcase name="Auto_TC_003" classname="testcases.app.trendnext.trendnext_testcases">
    <skipped/>
  </testcase> <!-- Auto_TC_003 -->
  <testcase name="Auto_TC_003" classname="testcases.app.trendnext.trendnext_testcases">
    <skipped/>
  </testcase> <!-- Auto_TC_003 -->
  <testcase name="Auto_TC_003" classname="testcases.app.trendnext.trendnext_testcases">
    <skipped/>
  </testcase> <!-- Auto_TC_003 -->
  <testcase name="Auto_TC_003" classname="testcases.app.trendnext.trendnext_testcases">
    <skipped/>
  </testcase> <!-- Auto_TC_003 -->
  <testcase name="Auto_TC_003" classname="testcases.app.trendnext.trendnext_testcases">
    <skipped/>
  </testcase> <!-- Auto_TC_003 -->
  <testcase name="Auto_TC_003" classname="testcases.app.trendnext.trendnext_testcases">
    <skipped/>
  </testcase> <!-- Auto_TC_003 -->
  <testcase name="Auto_TC_003" classname="testcases.app.trendnext.trendnext_testcases">
    <skipped/>
  </testcase> <!-- Auto_TC_003 -->
  <testcase name="Auto_TC_003" classname="testcases.app.trendnext.trendnext_testcases">
    <skipped/>
  </testcase> <!-- Auto_TC_003 -->
  <testcase name="Auto_TC_003" classname="testcases.app.trendnext.trendnext_testcases">
    <skipped/>
  </testcase> <!-- Auto_TC_003 -->
  <testcase name="Auto_TC_003" classname="testcases.app.trendnext.trendnext_testcases">
    <skipped/>
  </testcase> <!-- Auto_TC_003 -->
  <testcase name="Auto_TC_003" classname="testcases.app.trendnext.trendnext_testcases">
    <skipped/>
  </testcase> <!-- Auto_TC_003 -->
  <testcase name="Auto_TC_003" classname="testcases.app.trendnext.trendnext_testcases">
    <skipped/>
  </testcase> <!-- Auto_TC_003 -->
  <testcase name="Auto_TC_003" classname="testcases.app.trendnext.trendnext_testcases">
    <skipped/>
  </testcase> <!-- Auto_TC_003 -->
  <testcase name="Auto_TC_003" classname="testcases.app.trendnext.trendnext_testcases">
    <skipped/>
  </testcase> <!-- Auto_TC_003 -->
  <testcase name="Auto_TC_003" classname="testcases.app.trendnext.trendnext_testcases">
    <skipped/>
  </testcase> <!-- Auto_TC_003 -->
  <testcase name="Auto_TC_002" classname="testcases.app.trendnext.trendnext_testcases">
    <skipped/>
  </testcase> <!-- Auto_TC_002 -->
  <testcase name="Auto_TC_002" classname="testcases.app.trendnext.trendnext_testcases">
    <skipped/>
  </testcase> <!-- Auto_TC_002 -->
  <testcase name="Auto_TC_002" classname="testcases.app.trendnext.trendnext_testcases">
    <skipped/>
  </testcase> <!-- Auto_TC_002 -->
  <testcase name="Auto_TC_002" classname="testcases.app.trendnext.trendnext_testcases">
    <skipped/>
  </testcase> <!-- Auto_TC_002 -->
  <testcase name="Auto_TC_002" classname="testcases.app.trendnext.trendnext_testcases">
    <skipped/>
  </testcase> <!-- Auto_TC_002 -->
  <testcase name="Auto_TC_002" classname="testcases.app.trendnext.trendnext_testcases">
    <skipped/>
  </testcase> <!-- Auto_TC_002 -->
  <testcase name="Auto_TC_002" classname="testcases.app.trendnext.trendnext_testcases">
    <skipped/>
  </testcase> <!-- Auto_TC_002 -->
  <testcase name="Auto_TC_002" classname="testcases.app.trendnext.trendnext_testcases">
    <skipped/>
  </testcase> <!-- Auto_TC_002 -->
  <testcase name="Auto_TC_002" classname="testcases.app.trendnext.trendnext_testcases">
    <skipped/>
  </testcase> <!-- Auto_TC_002 -->
  <testcase name="Auto_TC_002" classname="testcases.app.trendnext.trendnext_testcases">
    <skipped/>
  </testcase> <!-- Auto_TC_002 -->
  <testcase name="Auto_TC_002" classname="testcases.app.trendnext.trendnext_testcases">
    <skipped/>
  </testcase> <!-- Auto_TC_002 -->
  <testcase name="Auto_TC_002" classname="testcases.app.trendnext.trendnext_testcases">
    <skipped/>
  </testcase> <!-- Auto_TC_002 -->
  <testcase name="Auto_TC_002" classname="testcases.app.trendnext.trendnext_testcases">
    <skipped/>
  </testcase> <!-- Auto_TC_002 -->
  <testcase name="Auto_TC_002" classname="testcases.app.trendnext.trendnext_testcases">
    <skipped/>
  </testcase> <!-- Auto_TC_002 -->
  <testcase name="Auto_TC_002" classname="testcases.app.trendnext.trendnext_testcases">
    <skipped/>
  </testcase> <!-- Auto_TC_002 -->
  <testcase name="Auto_TC_007" classname="testcases.app.trendnext.trendnext_testcases">
    <skipped/>
  </testcase> <!-- Auto_TC_007 -->
  <testcase name="Auto_TC_007" classname="testcases.app.trendnext.trendnext_testcases">
    <skipped/>
  </testcase> <!-- Auto_TC_007 -->
  <testcase name="Auto_TC_007" classname="testcases.app.trendnext.trendnext_testcases">
    <skipped/>
  </testcase> <!-- Auto_TC_007 -->
  <testcase name="Auto_TC_007" classname="testcases.app.trendnext.trendnext_testcases">
    <skipped/>
  </testcase> <!-- Auto_TC_007 -->
  <testcase name="Auto_TC_007" classname="testcases.app.trendnext.trendnext_testcases">
    <skipped/>
  </testcase> <!-- Auto_TC_007 -->
  <testcase name="Auto_TC_007" classname="testcases.app.trendnext.trendnext_testcases">
    <skipped/>
  </testcase> <!-- Auto_TC_007 -->
  <testcase name="Auto_TC_007" classname="testcases.app.trendnext.trendnext_testcases">
    <skipped/>
  </testcase> <!-- Auto_TC_007 -->
  <testcase name="Auto_TC_007" classname="testcases.app.trendnext.trendnext_testcases">
    <skipped/>
  </testcase> <!-- Auto_TC_007 -->
  <testcase name="Auto_TC_007" classname="testcases.app.trendnext.trendnext_testcases">
    <skipped/>
  </testcase> <!-- Auto_TC_007 -->
  <testcase name="Auto_TC_007" classname="testcases.app.trendnext.trendnext_testcases">
    <skipped/>
  </testcase> <!-- Auto_TC_007 -->
  <testcase name="Auto_TC_007" classname="testcases.app.trendnext.trendnext_testcases">
    <skipped/>
  </testcase> <!-- Auto_TC_007 -->
  <testcase name="Auto_TC_007" classname="testcases.app.trendnext.trendnext_testcases">
    <skipped/>
  </testcase> <!-- Auto_TC_007 -->
  <testcase name="Auto_TC_007" classname="testcases.app.trendnext.trendnext_testcases">
    <skipped/>
  </testcase> <!-- Auto_TC_007 -->
  <testcase name="Auto_TC_007" classname="testcases.app.trendnext.trendnext_testcases">
    <skipped/>
  </testcase> <!-- Auto_TC_007 -->
  <testcase name="Auto_TC_007" classname="testcases.app.trendnext.trendnext_testcases">
    <skipped/>
  </testcase> <!-- Auto_TC_007 -->
  <testcase name="Auto_TC_004" classname="testcases.app.trendnext.trendnext_testcases">
    <skipped/>
  </testcase> <!-- Auto_TC_004 -->
  <testcase name="Auto_TC_004" classname="testcases.app.trendnext.trendnext_testcases">
    <skipped/>
  </testcase> <!-- Auto_TC_004 -->
  <testcase name="Auto_TC_004" classname="testcases.app.trendnext.trendnext_testcases">
    <skipped/>
  </testcase> <!-- Auto_TC_004 -->
  <testcase name="Auto_TC_004" classname="testcases.app.trendnext.trendnext_testcases">
    <skipped/>
  </testcase> <!-- Auto_TC_004 -->
  <testcase name="Auto_TC_004" classname="testcases.app.trendnext.trendnext_testcases">
    <skipped/>
  </testcase> <!-- Auto_TC_004 -->
  <testcase name="Auto_TC_004" classname="testcases.app.trendnext.trendnext_testcases">
    <skipped/>
  </testcase> <!-- Auto_TC_004 -->
  <testcase name="Auto_TC_004" classname="testcases.app.trendnext.trendnext_testcases">
    <skipped/>
  </testcase> <!-- Auto_TC_004 -->
  <testcase name="Auto_TC_004" classname="testcases.app.trendnext.trendnext_testcases">
    <skipped/>
  </testcase> <!-- Auto_TC_004 -->
  <testcase name="Auto_TC_004" classname="testcases.app.trendnext.trendnext_testcases">
    <skipped/>
  </testcase> <!-- Auto_TC_004 -->
  <testcase name="Auto_TC_004" classname="testcases.app.trendnext.trendnext_testcases">
    <skipped/>
  </testcase> <!-- Auto_TC_004 -->
  <testcase name="Auto_TC_004" classname="testcases.app.trendnext.trendnext_testcases">
    <skipped/>
  </testcase> <!-- Auto_TC_004 -->
  <testcase name="Auto_TC_004" classname="testcases.app.trendnext.trendnext_testcases">
    <skipped/>
  </testcase> <!-- Auto_TC_004 -->
  <testcase name="Auto_TC_004" classname="testcases.app.trendnext.trendnext_testcases">
    <skipped/>
  </testcase> <!-- Auto_TC_004 -->
  <testcase name="Auto_TC_004" classname="testcases.app.trendnext.trendnext_testcases">
    <skipped/>
  </testcase> <!-- Auto_TC_004 -->
  <testcase name="Auto_TC_004" classname="testcases.app.trendnext.trendnext_testcases">
    <skipped/>
  </testcase> <!-- Auto_TC_004 -->
  <testcase name="Auto_TC_001" classname="testcases.app.trendnext.trendnext_testcases">
    <skipped/>
  </testcase> <!-- Auto_TC_001 -->
  <testcase name="Auto_TC_001" classname="testcases.app.trendnext.trendnext_testcases">
    <skipped/>
  </testcase> <!-- Auto_TC_001 -->
  <testcase name="Auto_TC_001" classname="testcases.app.trendnext.trendnext_testcases">
    <skipped/>
  </testcase> <!-- Auto_TC_001 -->
  <testcase name="Auto_TC_001" classname="testcases.app.trendnext.trendnext_testcases">
    <skipped/>
  </testcase> <!-- Auto_TC_001 -->
  <testcase name="Auto_TC_001" classname="testcases.app.trendnext.trendnext_testcases">
    <skipped/>
  </testcase> <!-- Auto_TC_001 -->
  <testcase name="Auto_TC_001" classname="testcases.app.trendnext.trendnext_testcases">
    <skipped/>
  </testcase> <!-- Auto_TC_001 -->
  <testcase name="Auto_TC_001" classname="testcases.app.trendnext.trendnext_testcases">
    <skipped/>
  </testcase> <!-- Auto_TC_001 -->
  <testcase name="Auto_TC_001" classname="testcases.app.trendnext.trendnext_testcases">
    <skipped/>
  </testcase> <!-- Auto_TC_001 -->
  <testcase name="Auto_TC_001" classname="testcases.app.trendnext.trendnext_testcases">
    <skipped/>
  </testcase> <!-- Auto_TC_001 -->
  <testcase name="Auto_TC_001" classname="testcases.app.trendnext.trendnext_testcases">
    <skipped/>
  </testcase> <!-- Auto_TC_001 -->
  <testcase name="Auto_TC_001" classname="testcases.app.trendnext.trendnext_testcases">
    <skipped/>
  </testcase> <!-- Auto_TC_001 -->
  <testcase name="Auto_TC_001" classname="testcases.app.trendnext.trendnext_testcases">
    <skipped/>
  </testcase> <!-- Auto_TC_001 -->
  <testcase name="Auto_TC_001" classname="testcases.app.trendnext.trendnext_testcases">
    <skipped/>
  </testcase> <!-- Auto_TC_001 -->
  <testcase name="Auto_TC_001" classname="testcases.app.trendnext.trendnext_testcases">
    <skipped/>
  </testcase> <!-- Auto_TC_001 -->
  <testcase name="Auto_TC_001" classname="testcases.app.trendnext.trendnext_testcases">
    <skipped/>
  </testcase> <!-- Auto_TC_001 -->
  <testcase name="Auto_TC_006" classname="testcases.app.trendnext.trendnext_testcases">
    <skipped/>
  </testcase> <!-- Auto_TC_006 -->
  <testcase name="Auto_TC_006" classname="testcases.app.trendnext.trendnext_testcases">
    <skipped/>
  </testcase> <!-- Auto_TC_006 -->
  <testcase name="Auto_TC_006" classname="testcases.app.trendnext.trendnext_testcases">
    <skipped/>
  </testcase> <!-- Auto_TC_006 -->
  <testcase name="Auto_TC_006" classname="testcases.app.trendnext.trendnext_testcases">
    <skipped/>
  </testcase> <!-- Auto_TC_006 -->
  <testcase name="Auto_TC_006" classname="testcases.app.trendnext.trendnext_testcases">
    <skipped/>
  </testcase> <!-- Auto_TC_006 -->
  <testcase name="Auto_TC_006" classname="testcases.app.trendnext.trendnext_testcases">
    <skipped/>
  </testcase> <!-- Auto_TC_006 -->
  <testcase name="Auto_TC_006" classname="testcases.app.trendnext.trendnext_testcases">
    <skipped/>
  </testcase> <!-- Auto_TC_006 -->
  <testcase name="Auto_TC_006" classname="testcases.app.trendnext.trendnext_testcases">
    <skipped/>
  </testcase> <!-- Auto_TC_006 -->
  <testcase name="Auto_TC_006" classname="testcases.app.trendnext.trendnext_testcases">
    <skipped/>
  </testcase> <!-- Auto_TC_006 -->
  <testcase name="Auto_TC_006" classname="testcases.app.trendnext.trendnext_testcases">
    <skipped/>
  </testcase> <!-- Auto_TC_006 -->
  <testcase name="Auto_TC_006" classname="testcases.app.trendnext.trendnext_testcases">
    <skipped/>
  </testcase> <!-- Auto_TC_006 -->
  <testcase name="Auto_TC_006" classname="testcases.app.trendnext.trendnext_testcases">
    <skipped/>
  </testcase> <!-- Auto_TC_006 -->
  <testcase name="Auto_TC_006" classname="testcases.app.trendnext.trendnext_testcases">
    <skipped/>
  </testcase> <!-- Auto_TC_006 -->
  <testcase name="Auto_TC_006" classname="testcases.app.trendnext.trendnext_testcases">
    <skipped/>
  </testcase> <!-- Auto_TC_006 -->
  <testcase name="Auto_TC_006" classname="testcases.app.trendnext.trendnext_testcases">
    <skipped/>
  </testcase> <!-- Auto_TC_006 -->
  <testcase name="Auto_TC_005" classname="testcases.app.trendnext.trendnext_testcases">
    <skipped/>
  </testcase> <!-- Auto_TC_005 -->
  <testcase name="Auto_TC_005" classname="testcases.app.trendnext.trendnext_testcases">
    <skipped/>
  </testcase> <!-- Auto_TC_005 -->
  <testcase name="Auto_TC_005" classname="testcases.app.trendnext.trendnext_testcases">
    <skipped/>
  </testcase> <!-- Auto_TC_005 -->
  <testcase name="Auto_TC_005" classname="testcases.app.trendnext.trendnext_testcases">
    <skipped/>
  </testcase> <!-- Auto_TC_005 -->
  <testcase name="Auto_TC_005" classname="testcases.app.trendnext.trendnext_testcases">
    <skipped/>
  </testcase> <!-- Auto_TC_005 -->
  <testcase name="Auto_TC_005" classname="testcases.app.trendnext.trendnext_testcases">
    <skipped/>
  </testcase> <!-- Auto_TC_005 -->
  <testcase name="Auto_TC_005" classname="testcases.app.trendnext.trendnext_testcases">
    <skipped/>
  </testcase> <!-- Auto_TC_005 -->
  <testcase name="Auto_TC_005" classname="testcases.app.trendnext.trendnext_testcases">
    <skipped/>
  </testcase> <!-- Auto_TC_005 -->
  <testcase name="Auto_TC_005" classname="testcases.app.trendnext.trendnext_testcases">
    <skipped/>
  </testcase> <!-- Auto_TC_005 -->
  <testcase name="Auto_TC_005" classname="testcases.app.trendnext.trendnext_testcases">
    <skipped/>
  </testcase> <!-- Auto_TC_005 -->
  <testcase name="Auto_TC_005" classname="testcases.app.trendnext.trendnext_testcases">
    <skipped/>
  </testcase> <!-- Auto_TC_005 -->
  <testcase name="Auto_TC_005" classname="testcases.app.trendnext.trendnext_testcases">
    <skipped/>
  </testcase> <!-- Auto_TC_005 -->
  <testcase name="Auto_TC_005" classname="testcases.app.trendnext.trendnext_testcases">
    <skipped/>
  </testcase> <!-- Auto_TC_005 -->
  <testcase name="Auto_TC_005" classname="testcases.app.trendnext.trendnext_testcases">
    <skipped/>
  </testcase> <!-- Auto_TC_005 -->
  <testcase name="Auto_TC_005" classname="testcases.app.trendnext.trendnext_testcases">
    <skipped/>
  </testcase> <!-- Auto_TC_005 -->
</testsuite> <!-- testcases.app.psp.psp_testcases -->
