<?xml version="1.0" encoding="UTF-8"?>
<!-- Generated by org.testng.reporters.JUnitXMLReporter -->
<testsuite hostname="D-441006785" ignored="8" name="Imarketscape_016" tests="2" failures="0" timestamp="28 Sep 2017 12:51:51 GMT" time="114.979" errors="0">
  <testcase name="Auto_TC_016" time="39.304" classname="testcases.app.imarketscape.imarketscape_testcases"/>
  <testcase name="Auto_TC_016" time="50.944" classname="testcases.app.imarketscape.imarketscape_testcases"/>
  <testcase name="Auto_TC_007" time="0.0" classname="testcases.app.imarketscape.imarketscape_testcases">
    <ignored/>
  </testcase> <!-- Auto_TC_007 -->
  <testcase name="Auto_TC_017" time="0.0" classname="testcases.app.imarketscape.imarketscape_testcases">
    <ignored/>
  </testcase> <!-- Auto_TC_017 -->
  <testcase name="Auto_TC_006" time="0.0" classname="testcases.app.imarketscape.imarketscape_testcases">
    <ignored/>
  </testcase> <!-- Auto_TC_006 -->
  <testcase name="Auto_TC_009" time="0.0" classname="testcases.app.imarketscape.imarketscape_testcases">
    <ignored/>
  </testcase> <!-- Auto_TC_009 -->
  <testcase name="Auto_TC_002" time="0.0" classname="testcases.app.imarketscape.imarketscape_testcases">
    <ignored/>
  </testcase> <!-- Auto_TC_002 -->
  <testcase name="Auto_TC_010" time="0.0" classname="testcases.app.imarketscape.imarketscape_testcases">
    <ignored/>
  </testcase> <!-- Auto_TC_010 -->
  <testcase name="Auto_TC_001" time="0.0" classname="testcases.app.imarketscape.imarketscape_testcases">
    <ignored/>
  </testcase> <!-- Auto_TC_001 -->
  <testcase name="Auto_TC_008" time="0.0" classname="testcases.app.imarketscape.imarketscape_testcases">
    <ignored/>
  </testcase> <!-- Auto_TC_008 -->
</testsuite> <!-- Imarketscape_016 -->
