<?xml version="1.0" encoding="UTF-8"?>
<!-- Generated by org.testng.reporters.JUnitXMLReporter -->
<testsuite hostname="D-441006785" ignored="6" name="Imarketscape_010" tests="2" failures="0" timestamp="28 Sep 2017 10:30:51 GMT" time="72.684" errors="0">
  <testcase name="Auto_TC_010" time="30.388" classname="testcases.app.imarketscape.imarketscape_testcases"/>
  <testcase name="Auto_TC_010" time="35.142" classname="testcases.app.imarketscape.imarketscape_testcases"/>
  <testcase name="Auto_TC_007" time="0.0" classname="testcases.app.imarketscape.imarketscape_testcases">
    <ignored/>
  </testcase> <!-- Auto_TC_007 -->
  <testcase name="Auto_TC_006" time="0.0" classname="testcases.app.imarketscape.imarketscape_testcases">
    <ignored/>
  </testcase> <!-- Auto_TC_006 -->
  <testcase name="Auto_TC_009" time="0.0" classname="testcases.app.imarketscape.imarketscape_testcases">
    <ignored/>
  </testcase> <!-- Auto_TC_009 -->
  <testcase name="Auto_TC_002" time="0.0" classname="testcases.app.imarketscape.imarketscape_testcases">
    <ignored/>
  </testcase> <!-- Auto_TC_002 -->
  <testcase name="Auto_TC_001" time="0.0" classname="testcases.app.imarketscape.imarketscape_testcases">
    <ignored/>
  </testcase> <!-- Auto_TC_001 -->
  <testcase name="Auto_TC_008" time="0.0" classname="testcases.app.imarketscape.imarketscape_testcases">
    <ignored/>
  </testcase> <!-- Auto_TC_008 -->
</testsuite> <!-- Imarketscape_010 -->
