<?xml version="1.0" encoding="UTF-8"?>
<!-- Generated by org.testng.reporters.JUnitXMLReporter -->
<testsuite hostname="D-441006785" ignored="2" name="Imarketscape_002" tests="2" failures="1" timestamp="19 Sep 2017 08:49:24 GMT" time="87.142" errors="0">
  <testcase name="Auto_TC_002" time="43.932" classname="testcases.app.imarketscape.imarketscape_testcases"/>
  <testcase name="Auto_TC_002" time="38.236" classname="testcases.app.imarketscape.imarketscape_testcases">
    <failure/>
  </testcase> <!-- Auto_TC_002 -->
  <testcase name="Auto_TC_006" time="0.0" classname="testcases.app.imarketscape.imarketscape_testcases">
    <ignored/>
  </testcase> <!-- Auto_TC_006 -->
  <testcase name="Auto_TC_001" time="0.0" classname="testcases.app.imarketscape.imarketscape_testcases">
    <ignored/>
  </testcase> <!-- Auto_TC_001 -->
</testsuite> <!-- Imarketscape_002 -->
