<?xml version="1.0" encoding="UTF-8"?>
<!-- Generated by org.testng.reporters.JUnitXMLReporter -->
<testsuite hostname="D-441006785" ignored="8" name="Imarketscape_017" tests="2" failures="1" timestamp="28 Sep 2017 12:53:39 GMT" time="107.641" errors="0">
  <testcase name="Auto_TC_017" time="68.211" classname="testcases.app.imarketscape.imarketscape_testcases">
    <failure/>
  </testcase> <!-- Auto_TC_017 -->
  <testcase name="Auto_TC_017" time="30.205" classname="testcases.app.imarketscape.imarketscape_testcases"/>
  <testcase name="Auto_TC_007" time="0.0" classname="testcases.app.imarketscape.imarketscape_testcases">
    <ignored/>
  </testcase> <!-- Auto_TC_007 -->
  <testcase name="Auto_TC_006" time="0.0" classname="testcases.app.imarketscape.imarketscape_testcases">
    <ignored/>
  </testcase> <!-- Auto_TC_006 -->
  <testcase name="Auto_TC_009" time="0.0" classname="testcases.app.imarketscape.imarketscape_testcases">
    <ignored/>
  </testcase> <!-- Auto_TC_009 -->
  <testcase name="Auto_TC_002" time="0.0" classname="testcases.app.imarketscape.imarketscape_testcases">
    <ignored/>
  </testcase> <!-- Auto_TC_002 -->
  <testcase name="Auto_TC_016" time="0.0" classname="testcases.app.imarketscape.imarketscape_testcases">
    <ignored/>
  </testcase> <!-- Auto_TC_016 -->
  <testcase name="Auto_TC_010" time="0.0" classname="testcases.app.imarketscape.imarketscape_testcases">
    <ignored/>
  </testcase> <!-- Auto_TC_010 -->
  <testcase name="Auto_TC_001" time="0.0" classname="testcases.app.imarketscape.imarketscape_testcases">
    <ignored/>
  </testcase> <!-- Auto_TC_001 -->
  <testcase name="Auto_TC_008" time="0.0" classname="testcases.app.imarketscape.imarketscape_testcases">
    <ignored/>
  </testcase> <!-- Auto_TC_008 -->
</testsuite> <!-- Imarketscape_017 -->
