<?xml version="1.0" encoding="UTF-8"?>
<!-- Generated by org.testng.reporters.JUnitXMLReporter -->
<testsuite hostname="D-441006785" ignored="6" name="Imarketscape_008" tests="1" failures="1" timestamp="28 Sep 2017 10:29:38 GMT" time="40.927" errors="0">
  <testcase name="Auto_TC_008" time="33.987" classname="testcases.app.imarketscape.imarketscape_testcases">
    <failure/>
  </testcase> <!-- Auto_TC_008 -->
  <testcase name="Auto_TC_007" time="0.0" classname="testcases.app.imarketscape.imarketscape_testcases">
    <ignored/>
  </testcase> <!-- Auto_TC_007 -->
  <testcase name="Auto_TC_006" time="0.0" classname="testcases.app.imarketscape.imarketscape_testcases">
    <ignored/>
  </testcase> <!-- Auto_TC_006 -->
  <testcase name="Auto_TC_009" time="0.0" classname="testcases.app.imarketscape.imarketscape_testcases">
    <ignored/>
  </testcase> <!-- Auto_TC_009 -->
  <testcase name="Auto_TC_002" time="0.0" classname="testcases.app.imarketscape.imarketscape_testcases">
    <ignored/>
  </testcase> <!-- Auto_TC_002 -->
  <testcase name="Auto_TC_010" time="0.0" classname="testcases.app.imarketscape.imarketscape_testcases">
    <ignored/>
  </testcase> <!-- Auto_TC_010 -->
  <testcase name="Auto_TC_001" time="0.0" classname="testcases.app.imarketscape.imarketscape_testcases">
    <ignored/>
  </testcase> <!-- Auto_TC_001 -->
</testsuite> <!-- Imarketscape_008 -->
