<?xml version="1.0" encoding="UTF-8"?>
<!-- Generated by org.testng.reporters.JUnitXMLReporter -->
<testsuite hostname="D-441006785" ignored="2" name="Imarketscape_001" tests="2" failures="0" timestamp="19 Sep 2017 08:47:57 GMT" time="102.099" errors="0">
  <testcase name="Auto_TC_001" time="37.12" classname="testcases.app.imarketscape.imarketscape_testcases"/>
  <testcase name="Auto_TC_001" time="41.484" classname="testcases.app.imarketscape.imarketscape_testcases"/>
  <testcase name="Auto_TC_006" time="0.0" classname="testcases.app.imarketscape.imarketscape_testcases">
    <ignored/>
  </testcase> <!-- Auto_TC_006 -->
  <testcase name="Auto_TC_002" time="0.0" classname="testcases.app.imarketscape.imarketscape_testcases">
    <ignored/>
  </testcase> <!-- Auto_TC_002 -->
</testsuite> <!-- Imarketscape_001 -->
