<?xml version="1.0" encoding="UTF-8"?>
<!-- Generated by org.testng.reporters.JUnitXMLReporter -->
<testsuite hostname="D-441006785" ignored="46" name="PSP_029" tests="3" failures="2" timestamp="01 Sep 2017 10:46:51 GMT" time="121.003" errors="0">
  <testcase name="Auto_TC001_29" time="54.155" classname="testcases.app.psp.psp_testcases">
    <failure type="org.openqa.selenium.TimeoutException" message="Timed out after 20 seconds waiting for visibility of element located by By.xpath: .//div[@class=&amp;apos;pop_head&amp;apos;]/span[2]
Build info: version: &amp;apos;2.53.0&amp;apos;, revision: &amp;apos;35ae25b1534ae328c771e0856c93e187490ca824&amp;apos;, time: &amp;apos;2016-03-15 10:43:46&amp;apos;
System info: host: &amp;apos;D-441006785&amp;apos;, ip: &amp;apos;10.145.10.183&amp;apos;, os.name: &amp;apos;Windows 10&amp;apos;, os.arch: &amp;apos;amd64&amp;apos;, os.version: &amp;apos;10.0&amp;apos;, java.version: &amp;apos;1.8.0_131&amp;apos;
Driver info: org.openqa.selenium.support.events.EventFiringWebDriver">
      <![CDATA[org.openqa.selenium.TimeoutException: Timed out after 20 seconds waiting for visibility of element located by By.xpath: .//div[@class='pop_head']/span[2]
Build info: version: '2.53.0', revision: '35ae25b1534ae328c771e0856c93e187490ca824', time: '2016-03-15 10:43:46'
System info: host: 'D-441006785', ip: '10.145.10.183', os.name: 'Windows 10', os.arch: 'amd64', os.version: '10.0', java.version: '1.8.0_131'
Driver info: org.openqa.selenium.support.events.EventFiringWebDriver
	at org.openqa.selenium.support.ui.WebDriverWait.timeoutException(WebDriverWait.java:80)
	at org.openqa.selenium.support.ui.FluentWait.until(FluentWait.java:261)
	at pageobjects.PSPHomePage.closePopup(PSPHomePage.java:2751)
	at testcases.app.psp.psp_testcases.Auto_TC001_29(psp_testcases.java:780)
... Removed 25 stack frames]]>
    </failure>
  </testcase> <!-- Auto_TC001_29 -->
  <testcase name="Auto_TC001_29" time="0.003" classname="testcases.app.psp.psp_testcases"/>
  <testcase name="Auto_TC001_29" time="56.526" classname="testcases.app.psp.psp_testcases">
    <failure type="org.openqa.selenium.TimeoutException" message="Timed out after 20 seconds waiting for visibility of element located by By.xpath: .//div[@class=&amp;apos;pop_head&amp;apos;]/span[2]
Build info: version: &amp;apos;2.53.0&amp;apos;, revision: &amp;apos;35ae25b1534ae328c771e0856c93e187490ca824&amp;apos;, time: &amp;apos;2016-03-15 10:43:46&amp;apos;
System info: host: &amp;apos;D-441006785&amp;apos;, ip: &amp;apos;10.145.10.183&amp;apos;, os.name: &amp;apos;Windows 10&amp;apos;, os.arch: &amp;apos;amd64&amp;apos;, os.version: &amp;apos;10.0&amp;apos;, java.version: &amp;apos;1.8.0_131&amp;apos;
Driver info: org.openqa.selenium.support.events.EventFiringWebDriver">
      <![CDATA[org.openqa.selenium.TimeoutException: Timed out after 20 seconds waiting for visibility of element located by By.xpath: .//div[@class='pop_head']/span[2]
Build info: version: '2.53.0', revision: '35ae25b1534ae328c771e0856c93e187490ca824', time: '2016-03-15 10:43:46'
System info: host: 'D-441006785', ip: '10.145.10.183', os.name: 'Windows 10', os.arch: 'amd64', os.version: '10.0', java.version: '1.8.0_131'
Driver info: org.openqa.selenium.support.events.EventFiringWebDriver
	at org.openqa.selenium.support.ui.WebDriverWait.timeoutException(WebDriverWait.java:80)
	at org.openqa.selenium.support.ui.FluentWait.until(FluentWait.java:261)
	at pageobjects.PSPHomePage.closePopup(PSPHomePage.java:2751)
	at testcases.app.psp.psp_testcases.Auto_TC001_29(psp_testcases.java:780)
... Removed 25 stack frames]]>
    </failure>
  </testcase> <!-- Auto_TC001_29 -->
  <testcase name="Auto_TC001_30" time="0.0" classname="testcases.app.psp.psp_testcases">
    <ignored/>
  </testcase> <!-- Auto_TC001_30 -->
  <testcase name="Auto_TC001_35" time="0.0" classname="testcases.app.psp.psp_testcases">
    <ignored/>
  </testcase> <!-- Auto_TC001_35 -->
  <testcase name="Auto_TC001_13" time="0.0" classname="testcases.app.psp.psp_testcases">
    <ignored/>
  </testcase> <!-- Auto_TC001_13 -->
  <testcase name="Auto_TC001_34" time="0.0" classname="testcases.app.psp.psp_testcases">
    <ignored/>
  </testcase> <!-- Auto_TC001_34 -->
  <testcase name="Auto_TC001_12" time="0.0" classname="testcases.app.psp.psp_testcases">
    <ignored/>
  </testcase> <!-- Auto_TC001_12 -->
  <testcase name="Auto_TC001_33" time="0.0" classname="testcases.app.psp.psp_testcases">
    <ignored/>
  </testcase> <!-- Auto_TC001_33 -->
  <testcase name="Auto_TC001_11" time="0.0" classname="testcases.app.psp.psp_testcases">
    <ignored/>
  </testcase> <!-- Auto_TC001_11 -->
  <testcase name="Auto_TC001_10" time="0.0" classname="testcases.app.psp.psp_testcases">
    <ignored/>
  </testcase> <!-- Auto_TC001_10 -->
  <testcase name="Auto_TC001_32" time="0.0" classname="testcases.app.psp.psp_testcases">
    <ignored/>
  </testcase> <!-- Auto_TC001_32 -->
  <testcase name="Auto_TC001_39" time="0.0" classname="testcases.app.psp.psp_testcases">
    <ignored/>
  </testcase> <!-- Auto_TC001_39 -->
  <testcase name="Auto_TC001_17" time="0.0" classname="testcases.app.psp.psp_testcases">
    <ignored/>
  </testcase> <!-- Auto_TC001_17 -->
  <testcase name="Auto_TC001_16" time="0.0" classname="testcases.app.psp.psp_testcases">
    <ignored/>
  </testcase> <!-- Auto_TC001_16 -->
  <testcase name="Auto_TC001_38" time="0.0" classname="testcases.app.psp.psp_testcases">
    <ignored/>
  </testcase> <!-- Auto_TC001_38 -->
  <testcase name="Auto_TC001_37" time="0.0" classname="testcases.app.psp.psp_testcases">
    <ignored/>
  </testcase> <!-- Auto_TC001_37 -->
  <testcase name="Auto_TC001_15" time="0.0" classname="testcases.app.psp.psp_testcases">
    <ignored/>
  </testcase> <!-- Auto_TC001_15 -->
  <testcase name="Auto_TC001_14" time="0.0" classname="testcases.app.psp.psp_testcases">
    <ignored/>
  </testcase> <!-- Auto_TC001_14 -->
  <testcase name="Auto_TC001_36" time="0.0" classname="testcases.app.psp.psp_testcases">
    <ignored/>
  </testcase> <!-- Auto_TC001_36 -->
  <testcase name="Auto_TC001_19" time="0.0" classname="testcases.app.psp.psp_testcases">
    <ignored/>
  </testcase> <!-- Auto_TC001_19 -->
  <testcase name="Auto_TC001_18" time="0.0" classname="testcases.app.psp.psp_testcases">
    <ignored/>
  </testcase> <!-- Auto_TC001_18 -->
  <testcase name="Auto_TC001_42" time="0.0" classname="testcases.app.psp.psp_testcases">
    <ignored/>
  </testcase> <!-- Auto_TC001_42 -->
  <testcase name="Auto_TC001_20" time="0.0" classname="testcases.app.psp.psp_testcases">
    <ignored/>
  </testcase> <!-- Auto_TC001_20 -->
  <testcase name="Auto_TC001_41" time="0.0" classname="testcases.app.psp.psp_testcases">
    <ignored/>
  </testcase> <!-- Auto_TC001_41 -->
  <testcase name="Auto_TC001_40" time="0.0" classname="testcases.app.psp.psp_testcases">
    <ignored/>
  </testcase> <!-- Auto_TC001_40 -->
  <testcase name="Auto_TC001_24" time="0.0" classname="testcases.app.psp.psp_testcases">
    <ignored/>
  </testcase> <!-- Auto_TC001_24 -->
  <testcase name="Auto_TC001_46" time="0.0" classname="testcases.app.psp.psp_testcases">
    <ignored/>
  </testcase> <!-- Auto_TC001_46 -->
  <testcase name="Auto_TC001_02" time="0.0" classname="testcases.app.psp.psp_testcases">
    <ignored/>
  </testcase> <!-- Auto_TC001_02 -->
  <testcase name="Auto_TC001_45" time="0.0" classname="testcases.app.psp.psp_testcases">
    <ignored/>
  </testcase> <!-- Auto_TC001_45 -->
  <testcase name="Auto_TC001_23" time="0.0" classname="testcases.app.psp.psp_testcases">
    <ignored/>
  </testcase> <!-- Auto_TC001_23 -->
  <testcase name="Auto_TC001_01" time="0.0" classname="testcases.app.psp.psp_testcases">
    <ignored/>
  </testcase> <!-- Auto_TC001_01 -->
  <testcase name="Auto_TC001_44" time="0.0" classname="testcases.app.psp.psp_testcases">
    <ignored/>
  </testcase> <!-- Auto_TC001_44 -->
  <testcase name="Auto_TC001_22" time="0.0" classname="testcases.app.psp.psp_testcases">
    <ignored/>
  </testcase> <!-- Auto_TC001_22 -->
  <testcase name="Auto_TC001_21" time="0.0" classname="testcases.app.psp.psp_testcases">
    <ignored/>
  </testcase> <!-- Auto_TC001_21 -->
  <testcase name="Auto_TC001_43" time="0.0" classname="testcases.app.psp.psp_testcases">
    <ignored/>
  </testcase> <!-- Auto_TC001_43 -->
  <testcase name="Auto_TC001_28" time="0.0" classname="testcases.app.psp.psp_testcases">
    <ignored/>
  </testcase> <!-- Auto_TC001_28 -->
  <testcase name="Auto_TC001_06" time="0.0" classname="testcases.app.psp.psp_testcases">
    <ignored/>
  </testcase> <!-- Auto_TC001_06 -->
  <testcase name="Auto_TC001_27" time="0.0" classname="testcases.app.psp.psp_testcases">
    <ignored/>
  </testcase> <!-- Auto_TC001_27 -->
  <testcase name="Auto_TC001_05" time="0.0" classname="testcases.app.psp.psp_testcases">
    <ignored/>
  </testcase> <!-- Auto_TC001_05 -->
  <testcase name="Auto_TC001_26" time="0.0" classname="testcases.app.psp.psp_testcases">
    <ignored/>
  </testcase> <!-- Auto_TC001_26 -->
  <testcase name="Auto_TC001_04" time="0.0" classname="testcases.app.psp.psp_testcases">
    <ignored/>
  </testcase> <!-- Auto_TC001_04 -->
  <testcase name="Auto_TC001_25" time="0.0" classname="testcases.app.psp.psp_testcases">
    <ignored/>
  </testcase> <!-- Auto_TC001_25 -->
  <testcase name="Auto_TC001_47" time="0.0" classname="testcases.app.psp.psp_testcases">
    <ignored/>
  </testcase> <!-- Auto_TC001_47 -->
  <testcase name="Auto_TC001_03" time="0.0" classname="testcases.app.psp.psp_testcases">
    <ignored/>
  </testcase> <!-- Auto_TC001_03 -->
  <testcase name="Auto_TC001_09" time="0.0" classname="testcases.app.psp.psp_testcases">
    <ignored/>
  </testcase> <!-- Auto_TC001_09 -->
  <testcase name="Auto_TC001_08" time="0.0" classname="testcases.app.psp.psp_testcases">
    <ignored/>
  </testcase> <!-- Auto_TC001_08 -->
  <testcase name="Auto_TC001_07" time="0.0" classname="testcases.app.psp.psp_testcases">
    <ignored/>
  </testcase> <!-- Auto_TC001_07 -->
  <testcase name="Auto_TC001_31" time="0.0" classname="testcases.app.psp.psp_testcases">
    <ignored/>
  </testcase> <!-- Auto_TC001_31 -->
</testsuite> <!-- PSP_029 -->
