<?xml version="1.0" encoding="UTF-8"?>
<!-- Generated by org.testng.reporters.JUnitXMLReporter -->
<testsuite hostname="D-113068706" ignored="0" name="TrendNext_0011" tests="16" failures="16" timestamp="14 Sep 2017 06:32:22 GMT" time="8.326" errors="0">
  <testcase name="Auto_TC_001" time="0.845" classname="testcases.app.trendnext.trendnext_testcases">
    <failure type="org.testng.internal.reflect.MethodMatcherException" message="
Data provider mismatch
Method: Auto_TC_001([Parameter{index=0, type=int, declaredAnnotations=[]}, Parameter{index=1, type=java.lang.Object, declaredAnnotations=[]}])
Arguments: []">
      <![CDATA[org.testng.internal.reflect.MethodMatcherException: 
Data provider mismatch
Method: Auto_TC_001([Parameter{index=0, type=int, declaredAnnotations=[]}, Parameter{index=1, type=java.lang.Object, declaredAnnotations=[]}])
Arguments: []
... Removed 20 stack frames]]>
    </failure>
  </testcase> <!-- Auto_TC_001 -->
  <testcase name="Auto_TC_002" time="0.148" classname="testcases.app.trendnext.trendnext_testcases">
    <failure type="org.testng.internal.reflect.MethodMatcherException" message="
Data provider mismatch
Method: Auto_TC_002([Parameter{index=0, type=int, declaredAnnotations=[]}, Parameter{index=1, type=java.lang.Object, declaredAnnotations=[]}])
Arguments: []">
      <![CDATA[org.testng.internal.reflect.MethodMatcherException: 
Data provider mismatch
Method: Auto_TC_002([Parameter{index=0, type=int, declaredAnnotations=[]}, Parameter{index=1, type=java.lang.Object, declaredAnnotations=[]}])
Arguments: []
... Removed 20 stack frames]]>
    </failure>
  </testcase> <!-- Auto_TC_002 -->
  <testcase name="Auto_TC_003" time="0.109" classname="testcases.app.trendnext.trendnext_testcases">
    <failure type="org.testng.internal.reflect.MethodMatcherException" message="
Data provider mismatch
Method: Auto_TC_003([Parameter{index=0, type=int, declaredAnnotations=[]}, Parameter{index=1, type=java.lang.Object, declaredAnnotations=[]}])
Arguments: []">
      <![CDATA[org.testng.internal.reflect.MethodMatcherException: 
Data provider mismatch
Method: Auto_TC_003([Parameter{index=0, type=int, declaredAnnotations=[]}, Parameter{index=1, type=java.lang.Object, declaredAnnotations=[]}])
Arguments: []
... Removed 20 stack frames]]>
    </failure>
  </testcase> <!-- Auto_TC_003 -->
  <testcase name="Auto_TC_004" time="0.086" classname="testcases.app.trendnext.trendnext_testcases">
    <failure type="org.testng.internal.reflect.MethodMatcherException" message="
Data provider mismatch
Method: Auto_TC_004([Parameter{index=0, type=int, declaredAnnotations=[]}, Parameter{index=1, type=java.lang.Object, declaredAnnotations=[]}])
Arguments: []">
      <![CDATA[org.testng.internal.reflect.MethodMatcherException: 
Data provider mismatch
Method: Auto_TC_004([Parameter{index=0, type=int, declaredAnnotations=[]}, Parameter{index=1, type=java.lang.Object, declaredAnnotations=[]}])
Arguments: []
... Removed 20 stack frames]]>
    </failure>
  </testcase> <!-- Auto_TC_004 -->
  <testcase name="Auto_TC_005" time="0.088" classname="testcases.app.trendnext.trendnext_testcases">
    <failure type="org.testng.internal.reflect.MethodMatcherException" message="
Data provider mismatch
Method: Auto_TC_005([Parameter{index=0, type=int, declaredAnnotations=[]}, Parameter{index=1, type=java.lang.Object, declaredAnnotations=[]}])
Arguments: []">
      <![CDATA[org.testng.internal.reflect.MethodMatcherException: 
Data provider mismatch
Method: Auto_TC_005([Parameter{index=0, type=int, declaredAnnotations=[]}, Parameter{index=1, type=java.lang.Object, declaredAnnotations=[]}])
Arguments: []
... Removed 20 stack frames]]>
    </failure>
  </testcase> <!-- Auto_TC_005 -->
  <testcase name="Auto_TC_006" time="0.113" classname="testcases.app.trendnext.trendnext_testcases">
    <failure type="org.testng.internal.reflect.MethodMatcherException" message="
Data provider mismatch
Method: Auto_TC_006([Parameter{index=0, type=int, declaredAnnotations=[]}, Parameter{index=1, type=java.lang.Object, declaredAnnotations=[]}])
Arguments: []">
      <![CDATA[org.testng.internal.reflect.MethodMatcherException: 
Data provider mismatch
Method: Auto_TC_006([Parameter{index=0, type=int, declaredAnnotations=[]}, Parameter{index=1, type=java.lang.Object, declaredAnnotations=[]}])
Arguments: []
... Removed 20 stack frames]]>
    </failure>
  </testcase> <!-- Auto_TC_006 -->
  <testcase name="Auto_TC_007" time="0.07" classname="testcases.app.trendnext.trendnext_testcases">
    <failure type="org.testng.internal.reflect.MethodMatcherException" message="
Data provider mismatch
Method: Auto_TC_007([Parameter{index=0, type=int, declaredAnnotations=[]}, Parameter{index=1, type=java.lang.Object, declaredAnnotations=[]}])
Arguments: []">
      <![CDATA[org.testng.internal.reflect.MethodMatcherException: 
Data provider mismatch
Method: Auto_TC_007([Parameter{index=0, type=int, declaredAnnotations=[]}, Parameter{index=1, type=java.lang.Object, declaredAnnotations=[]}])
Arguments: []
... Removed 20 stack frames]]>
    </failure>
  </testcase> <!-- Auto_TC_007 -->
  <testcase name="Auto_TC_008" time="0.069" classname="testcases.app.trendnext.trendnext_testcases">
    <failure type="org.testng.internal.reflect.MethodMatcherException" message="
Data provider mismatch
Method: Auto_TC_008([Parameter{index=0, type=int, declaredAnnotations=[]}, Parameter{index=1, type=java.lang.Object, declaredAnnotations=[]}])
Arguments: []">
      <![CDATA[org.testng.internal.reflect.MethodMatcherException: 
Data provider mismatch
Method: Auto_TC_008([Parameter{index=0, type=int, declaredAnnotations=[]}, Parameter{index=1, type=java.lang.Object, declaredAnnotations=[]}])
Arguments: []
... Removed 20 stack frames]]>
    </failure>
  </testcase> <!-- Auto_TC_008 -->
  <testcase name="Auto_TC_009" time="0.07" classname="testcases.app.trendnext.trendnext_testcases">
    <failure type="org.testng.internal.reflect.MethodMatcherException" message="
Data provider mismatch
Method: Auto_TC_009([Parameter{index=0, type=int, declaredAnnotations=[]}, Parameter{index=1, type=java.lang.Object, declaredAnnotations=[]}])
Arguments: []">
      <![CDATA[org.testng.internal.reflect.MethodMatcherException: 
Data provider mismatch
Method: Auto_TC_009([Parameter{index=0, type=int, declaredAnnotations=[]}, Parameter{index=1, type=java.lang.Object, declaredAnnotations=[]}])
Arguments: []
... Removed 20 stack frames]]>
    </failure>
  </testcase> <!-- Auto_TC_009 -->
  <testcase name="Auto_TC_010" time="0.051" classname="testcases.app.trendnext.trendnext_testcases">
    <failure type="org.testng.internal.reflect.MethodMatcherException" message="
Data provider mismatch
Method: Auto_TC_010([Parameter{index=0, type=int, declaredAnnotations=[]}, Parameter{index=1, type=java.lang.Object, declaredAnnotations=[]}])
Arguments: []">
      <![CDATA[org.testng.internal.reflect.MethodMatcherException: 
Data provider mismatch
Method: Auto_TC_010([Parameter{index=0, type=int, declaredAnnotations=[]}, Parameter{index=1, type=java.lang.Object, declaredAnnotations=[]}])
Arguments: []
... Removed 20 stack frames]]>
    </failure>
  </testcase> <!-- Auto_TC_010 -->
  <testcase name="Auto_TC_011" time="0.046" classname="testcases.app.trendnext.trendnext_testcases">
    <failure type="org.testng.internal.reflect.MethodMatcherException" message="
Data provider mismatch
Method: Auto_TC_011([Parameter{index=0, type=int, declaredAnnotations=[]}, Parameter{index=1, type=java.lang.Object, declaredAnnotations=[]}])
Arguments: []">
      <![CDATA[org.testng.internal.reflect.MethodMatcherException: 
Data provider mismatch
Method: Auto_TC_011([Parameter{index=0, type=int, declaredAnnotations=[]}, Parameter{index=1, type=java.lang.Object, declaredAnnotations=[]}])
Arguments: []
... Removed 20 stack frames]]>
    </failure>
  </testcase> <!-- Auto_TC_011 -->
  <testcase name="Auto_TC_012" time="0.051" classname="testcases.app.trendnext.trendnext_testcases">
    <failure type="org.testng.internal.reflect.MethodMatcherException" message="
Data provider mismatch
Method: Auto_TC_012([Parameter{index=0, type=int, declaredAnnotations=[]}, Parameter{index=1, type=java.lang.Object, declaredAnnotations=[]}])
Arguments: []">
      <![CDATA[org.testng.internal.reflect.MethodMatcherException: 
Data provider mismatch
Method: Auto_TC_012([Parameter{index=0, type=int, declaredAnnotations=[]}, Parameter{index=1, type=java.lang.Object, declaredAnnotations=[]}])
Arguments: []
... Removed 20 stack frames]]>
    </failure>
  </testcase> <!-- Auto_TC_012 -->
  <testcase name="Auto_TC_013" time="0.047" classname="testcases.app.trendnext.trendnext_testcases">
    <failure type="org.testng.internal.reflect.MethodMatcherException" message="
Data provider mismatch
Method: Auto_TC_013([Parameter{index=0, type=int, declaredAnnotations=[]}, Parameter{index=1, type=java.lang.Object, declaredAnnotations=[]}])
Arguments: []">
      <![CDATA[org.testng.internal.reflect.MethodMatcherException: 
Data provider mismatch
Method: Auto_TC_013([Parameter{index=0, type=int, declaredAnnotations=[]}, Parameter{index=1, type=java.lang.Object, declaredAnnotations=[]}])
Arguments: []
... Removed 20 stack frames]]>
    </failure>
  </testcase> <!-- Auto_TC_013 -->
  <testcase name="Auto_TC_014" time="0.046" classname="testcases.app.trendnext.trendnext_testcases">
    <failure type="org.testng.internal.reflect.MethodMatcherException" message="
Data provider mismatch
Method: Auto_TC_014([Parameter{index=0, type=int, declaredAnnotations=[]}, Parameter{index=1, type=java.lang.Object, declaredAnnotations=[]}])
Arguments: []">
      <![CDATA[org.testng.internal.reflect.MethodMatcherException: 
Data provider mismatch
Method: Auto_TC_014([Parameter{index=0, type=int, declaredAnnotations=[]}, Parameter{index=1, type=java.lang.Object, declaredAnnotations=[]}])
Arguments: []
... Removed 20 stack frames]]>
    </failure>
  </testcase> <!-- Auto_TC_014 -->
  <testcase name="Auto_TC_016" time="0.041" classname="testcases.app.trendnext.trendnext_testcases">
    <failure type="org.testng.internal.reflect.MethodMatcherException" message="
Data provider mismatch
Method: Auto_TC_016([Parameter{index=0, type=int, declaredAnnotations=[]}, Parameter{index=1, type=java.lang.Object, declaredAnnotations=[]}])
Arguments: []">
      <![CDATA[org.testng.internal.reflect.MethodMatcherException: 
Data provider mismatch
Method: Auto_TC_016([Parameter{index=0, type=int, declaredAnnotations=[]}, Parameter{index=1, type=java.lang.Object, declaredAnnotations=[]}])
Arguments: []
... Removed 20 stack frames]]>
    </failure>
  </testcase> <!-- Auto_TC_016 -->
  <testcase name="Auto_TC_017" time="0.044" classname="testcases.app.trendnext.trendnext_testcases">
    <failure type="org.testng.internal.reflect.MethodMatcherException" message="
Data provider mismatch
Method: Auto_TC_017([Parameter{index=0, type=int, declaredAnnotations=[]}, Parameter{index=1, type=java.lang.Object, declaredAnnotations=[]}])
Arguments: []">
      <![CDATA[org.testng.internal.reflect.MethodMatcherException: 
Data provider mismatch
Method: Auto_TC_017([Parameter{index=0, type=int, declaredAnnotations=[]}, Parameter{index=1, type=java.lang.Object, declaredAnnotations=[]}])
Arguments: []
... Removed 20 stack frames]]>
    </failure>
  </testcase> <!-- Auto_TC_017 -->
</testsuite> <!-- TrendNext_0011 -->
