<?xml version="1.0" encoding="UTF-8"?>
<!-- Generated by org.testng.reporters.JUnitXMLReporter -->
<testsuite hostname="D-113068706" ignored="15" name="TrendNext_016" tests="2" failures="0" timestamp="16 Sep 2017 13:57:05 GMT" time="79.551" errors="0">
  <testcase name="Auto_TC_016" time="52.931" classname="testcases.app.trendnext.trendnext_testcases"/>
  <testcase name="Auto_TC_016" time="24.672" classname="testcases.app.trendnext.trendnext_testcases"/>
  <testcase name="Auto_TC_008" time="0.0" classname="testcases.app.trendnext.trendnext_testcases">
    <ignored/>
  </testcase> <!-- Auto_TC_008 -->
  <testcase name="Auto_TC_009" time="0.0" classname="testcases.app.trendnext.trendnext_testcases">
    <ignored/>
  </testcase> <!-- Auto_TC_009 -->
  <testcase name="Auto_TC_014" time="0.0" classname="testcases.app.trendnext.trendnext_testcases">
    <ignored/>
  </testcase> <!-- Auto_TC_014 -->
  <testcase name="Auto_TC_003" time="0.0" classname="testcases.app.trendnext.trendnext_testcases">
    <ignored/>
  </testcase> <!-- Auto_TC_003 -->
  <testcase name="Auto_TC_011" time="0.0" classname="testcases.app.trendnext.trendnext_testcases">
    <ignored/>
  </testcase> <!-- Auto_TC_011 -->
  <testcase name="Auto_TC_013" time="0.0" classname="testcases.app.trendnext.trendnext_testcases">
    <ignored/>
  </testcase> <!-- Auto_TC_013 -->
  <testcase name="Auto_TC_002" time="0.0" classname="testcases.app.trendnext.trendnext_testcases">
    <ignored/>
  </testcase> <!-- Auto_TC_002 -->
  <testcase name="Auto_TC_007" time="0.0" classname="testcases.app.trendnext.trendnext_testcases">
    <ignored/>
  </testcase> <!-- Auto_TC_007 -->
  <testcase name="Auto_TC_004" time="0.0" classname="testcases.app.trendnext.trendnext_testcases">
    <ignored/>
  </testcase> <!-- Auto_TC_004 -->
  <testcase name="Auto_TC_012" time="0.0" classname="testcases.app.trendnext.trendnext_testcases">
    <ignored/>
  </testcase> <!-- Auto_TC_012 -->
  <testcase name="Auto_TC_001" time="0.0" classname="testcases.app.trendnext.trendnext_testcases">
    <ignored/>
  </testcase> <!-- Auto_TC_001 -->
  <testcase name="Auto_TC_006" time="0.0" classname="testcases.app.trendnext.trendnext_testcases">
    <ignored/>
  </testcase> <!-- Auto_TC_006 -->
  <testcase name="Auto_TC_017" time="0.0" classname="testcases.app.trendnext.trendnext_testcases">
    <ignored/>
  </testcase> <!-- Auto_TC_017 -->
  <testcase name="Auto_TC_005" time="0.0" classname="testcases.app.trendnext.trendnext_testcases">
    <ignored/>
  </testcase> <!-- Auto_TC_005 -->
  <testcase name="Auto_TC_010" time="0.0" classname="testcases.app.trendnext.trendnext_testcases">
    <ignored/>
  </testcase> <!-- Auto_TC_010 -->
</testsuite> <!-- TrendNext_016 -->
